# JRE version: OpenJDK Runtime Environment Temurin-21.0.8+9 (21.0.8+9) (build 21.0.8+9-LTS)
# Java VM: OpenJDK 64-Bit Server VM Temurin-21.0.8+9 (21.0.8+9-LTS, mixed mode, sharing, tiered, compressed oops, compressed class ptrs, parallel gc, windows-amd64)
GC Precious Log:
 CardTable entry size: 512
 CPUs: 8 total, 8 available
 Memory: 7930M
 Large Page Support: Disabled
 NUMA Support: Disabled
 Compressed Oops: Enabled (32-bit)
 Alignments: Space 512K, Generation 512K, Heap 2M
 Heap Min Capacity: 100M
 Heap Initial Capacity: 100M
 Heap Max Capacity: 2G
 Pre-touch: Disabled
 Parallel Workers: 8
Heap:
 PSYoungGen      total 17408K, used 12424K [0x00000000d5580000, 0x00000000d6b00000, 0x0000000100000000)
  eden space 14336K, 66% used [0x00000000d5580000,0x00000000d5edd240,0x00000000d6380000)
  from space 3072K, 92% used [0x00000000d6800000,0x00000000d6ac7480,0x00000000d6b00000)
  to   space 3584K, 0% used [0x00000000d6400000,0x00000000d6400000,0x00000000d6780000)
 ParOldGen       total 68608K, used 63728K [0x0000000080000000, 0x0000000084300000, 0x00000000d5580000)
  object space 68608K, 92% used [0x0000000080000000,0x0000000083e3c2a0,0x0000000084300000)
 Metaspace       used 48553K, committed 49728K, reserved 1114112K
  class space    used 5252K, committed 5760K, reserved 1048576K
GC Heap History (20 events):
Event: 11.433 GC heap before
{Heap before GC invocations=24 (full 2):
 PSYoungGen      total 24576K, used 24304K [0x00000000d5580000, 0x00000000d7000000, 0x0000000100000000)
  eden space 22016K, 100% used [0x00000000d5580000,0x00000000d6b00000,0x00000000d6b00000)
  from space 2560K, 89% used [0x00000000d6b00000,0x00000000d6d3c2b8,0x00000000d6d80000)
  to   space 2560K, 0% used [0x00000000d6d80000,0x00000000d6d80000,0x00000000d7000000)
 ParOldGen       total 68608K, used 30414K [0x0000000080000000, 0x0000000084300000, 0x00000000d5580000)
  object space 68608K, 44% used [0x0000000080000000,0x0000000081db38e8,0x0000000084300000)
 Metaspace       used 40037K, committed 41216K, reserved 1114112K
  class space    used 4224K, committed 4736K, reserved 1048576K
}
Event: 11.437 GC heap after
{Heap after GC invocations=24 (full 2):
 PSYoungGen      total 24064K, used 1907K [0x00000000d5580000, 0x00000000d6f80000, 0x0000000100000000)
  eden space 22016K, 0% used [0x00000000d5580000,0x00000000d5580000,0x00000000d6b00000)
  from space 2048K, 93% used [0x00000000d6d80000,0x00000000d6f5ccf8,0x00000000d6f80000)
  to   space 2048K, 0% used [0x00000000d6b80000,0x00000000d6b80000,0x00000000d6d80000)
 ParOldGen       total 68608K, used 32548K [0x0000000080000000, 0x0000000084300000, 0x00000000d5580000)
  object space 68608K, 47% used [0x0000000080000000,0x0000000081fc9200,0x0000000084300000)
 Metaspace       used 40037K, committed 41216K, reserved 1114112K
  class space    used 4224K, committed 4736K, reserved 1048576K
}
Event: 11.696 GC heap before
{Heap before GC invocations=25 (full 2):
 PSYoungGen      total 24064K, used 23923K [0x00000000d5580000, 0x00000000d6f80000, 0x0000000100000000)
  eden space 22016K, 100% used [0x00000000d5580000,0x00000000d6b00000,0x00000000d6b00000)
  from space 2048K, 93% used [0x00000000d6d80000,0x00000000d6f5ccf8,0x00000000d6f80000)
  to   space 2048K, 0% used [0x00000000d6b80000,0x00000000d6b80000,0x00000000d6d80000)
 ParOldGen       total 68608K, used 32548K [0x0000000080000000, 0x0000000084300000, 0x00000000d5580000)
  object space 68608K, 47% used [0x0000000080000000,0x0000000081fc9200,0x0000000084300000)
 Metaspace       used 40788K, committed 41920K, reserved 1114112K
  class space    used 4293K, committed 4800K, reserved 1048576K
}
Event: 11.701 GC heap after
{Heap after GC invocations=25 (full 2):
 PSYoungGen      total 24064K, used 1664K [0x00000000d5580000, 0x00000000d6f00000, 0x0000000100000000)
  eden space 22016K, 0% used [0x00000000d5580000,0x00000000d5580000,0x00000000d6b00000)
  from space 2048K, 81% used [0x00000000d6b80000,0x00000000d6d20000,0x00000000d6d80000)
  to   space 1536K, 0% used [0x00000000d6d80000,0x00000000d6d80000,0x00000000d6f00000)
 ParOldGen       total 68608K, used 35079K [0x0000000080000000, 0x0000000084300000, 0x00000000d5580000)
  object space 68608K, 51% used [0x0000000080000000,0x0000000082241dc0,0x0000000084300000)
 Metaspace       used 40788K, committed 41920K, reserved 1114112K
  class space    used 4293K, committed 4800K, reserved 1048576K
}
Event: 12.111 GC heap before
{Heap before GC invocations=26 (full 2):
 PSYoungGen      total 24064K, used 23679K [0x00000000d5580000, 0x00000000d6f00000, 0x0000000100000000)
  eden space 22016K, 99% used [0x00000000d5580000,0x00000000d6afffe8,0x00000000d6b00000)
  from space 2048K, 81% used [0x00000000d6b80000,0x00000000d6d20000,0x00000000d6d80000)
  to   space 1536K, 0% used [0x00000000d6d80000,0x00000000d6d80000,0x00000000d6f00000)
 ParOldGen       total 68608K, used 35079K [0x0000000080000000, 0x0000000084300000, 0x00000000d5580000)
  object space 68608K, 51% used [0x0000000080000000,0x0000000082241dc0,0x0000000084300000)
 Metaspace       used 42091K, committed 43328K, reserved 1114112K
  class space    used 4463K, committed 4992K, reserved 1048576K
}
Event: 12.114 GC heap after
{Heap after GC invocations=26 (full 2):
 PSYoungGen      total 23040K, used 896K [0x00000000d5580000, 0x00000000d6e80000, 0x0000000100000000)
  eden space 22016K, 0% used [0x00000000d5580000,0x00000000d5580000,0x00000000d6b00000)
  from space 1024K, 87% used [0x00000000d6d80000,0x00000000d6e60000,0x00000000d6e80000)
  to   space 1536K, 0% used [0x00000000d6b80000,0x00000000d6b80000,0x00000000d6d00000)
 ParOldGen       total 68608K, used 36493K [0x0000000080000000, 0x0000000084300000, 0x00000000d5580000)
  object space 68608K, 53% used [0x0000000080000000,0x00000000823a34b0,0x0000000084300000)
 Metaspace       used 42091K, committed 43328K, reserved 1114112K
  class space    used 4463K, committed 4992K, reserved 1048576K
}
Event: 12.581 GC heap before
{Heap before GC invocations=27 (full 2):
 PSYoungGen      total 23040K, used 22912K [0x00000000d5580000, 0x00000000d6e80000, 0x0000000100000000)
  eden space 22016K, 100% used [0x00000000d5580000,0x00000000d6b00000,0x00000000d6b00000)
  from space 1024K, 87% used [0x00000000d6d80000,0x00000000d6e60000,0x00000000d6e80000)
  to   space 1536K, 0% used [0x00000000d6b80000,0x00000000d6b80000,0x00000000d6d00000)
 ParOldGen       total 68608K, used 36493K [0x0000000080000000, 0x0000000084300000, 0x00000000d5580000)
  object space 68608K, 53% used [0x0000000080000000,0x00000000823a34b0,0x0000000084300000)
 Metaspace       used 43867K, committed 45056K, reserved 1114112K
  class space    used 4661K, committed 5184K, reserved 1048576K
}
Event: 13.998 GC heap after
{Heap after GC invocations=27 (full 2):
 PSYoungGen      total 23552K, used 1513K [0x00000000d5580000, 0x00000000d6e80000, 0x0000000100000000)
  eden space 22016K, 0% used [0x00000000d5580000,0x00000000d5580000,0x00000000d6b00000)
  from space 1536K, 98% used [0x00000000d6b80000,0x00000000d6cfa4a0,0x00000000d6d00000)
  to   space 1024K, 0% used [0x00000000d6d80000,0x00000000d6d80000,0x00000000d6e80000)
 ParOldGen       total 68608K, used 42464K [0x0000000080000000, 0x0000000084300000, 0x00000000d5580000)
  object space 68608K, 61% used [0x0000000080000000,0x0000000082978310,0x0000000084300000)
 Metaspace       used 43867K, committed 45056K, reserved 1114112K
  class space    used 4661K, committed 5184K, reserved 1048576K
}
Event: 15.291 GC heap before
{Heap before GC invocations=28 (full 2):
 PSYoungGen      total 23552K, used 23529K [0x00000000d5580000, 0x00000000d6e80000, 0x0000000100000000)
  eden space 22016K, 100% used [0x00000000d5580000,0x00000000d6b00000,0x00000000d6b00000)
  from space 1536K, 98% used [0x00000000d6b80000,0x00000000d6cfa4a0,0x00000000d6d00000)
  to   space 1024K, 0% used [0x00000000d6d80000,0x00000000d6d80000,0x00000000d6e80000)
 ParOldGen       total 68608K, used 42464K [0x0000000080000000, 0x0000000084300000, 0x00000000d5580000)
  object space 68608K, 61% used [0x0000000080000000,0x0000000082978310,0x0000000084300000)
 Metaspace       used 45073K, committed 46336K, reserved 1114112K
  class space    used 4801K, committed 5376K, reserved 1048576K
}
Event: 15.295 GC heap after
{Heap after GC invocations=28 (full 2):
 PSYoungGen      total 19968K, used 1005K [0x00000000d5580000, 0x00000000d7600000, 0x0000000100000000)
  eden space 18944K, 0% used [0x00000000d5580000,0x00000000d5580000,0x00000000d6800000)
  from space 1024K, 98% used [0x00000000d6d80000,0x00000000d6e7b688,0x00000000d6e80000)
  to   space 5632K, 0% used [0x00000000d6800000,0x00000000d6800000,0x00000000d6d80000)
 ParOldGen       total 68608K, used 46075K [0x0000000080000000, 0x0000000084300000, 0x00000000d5580000)
  object space 68608K, 67% used [0x0000000080000000,0x0000000082cfee98,0x0000000084300000)
 Metaspace       used 45073K, committed 46336K, reserved 1114112K
  class space    used 4801K, committed 5376K, reserved 1048576K
}
Event: 15.550 GC heap before
{Heap before GC invocations=29 (full 2):
 PSYoungGen      total 19968K, used 19949K [0x00000000d5580000, 0x00000000d7600000, 0x0000000100000000)
  eden space 18944K, 100% used [0x00000000d5580000,0x00000000d6800000,0x00000000d6800000)
  from space 1024K, 98% used [0x00000000d6d80000,0x00000000d6e7b688,0x00000000d6e80000)
  to   space 5632K, 0% used [0x00000000d6800000,0x00000000d6800000,0x00000000d6d80000)
 ParOldGen       total 68608K, used 46075K [0x0000000080000000, 0x0000000084300000, 0x00000000d5580000)
  object space 68608K, 67% used [0x0000000080000000,0x0000000082cfee98,0x0000000084300000)
 Metaspace       used 45710K, committed 46912K, reserved 1114112K
  class space    used 4881K, committed 5440K, reserved 1048576K
}
Event: 15.553 GC heap after
{Heap after GC invocations=29 (full 2):
 PSYoungGen      total 23040K, used 3785K [0x00000000d5580000, 0x00000000d7100000, 0x0000000100000000)
  eden space 18944K, 0% used [0x00000000d5580000,0x00000000d5580000,0x00000000d6800000)
  from space 4096K, 92% used [0x00000000d6800000,0x00000000d6bb2768,0x00000000d6c00000)
  to   space 4608K, 0% used [0x00000000d6c80000,0x00000000d6c80000,0x00000000d7100000)
 ParOldGen       total 68608K, used 47053K [0x0000000080000000, 0x0000000084300000, 0x00000000d5580000)
  object space 68608K, 68% used [0x0000000080000000,0x0000000082df3758,0x0000000084300000)
 Metaspace       used 45710K, committed 46912K, reserved 1114112K
  class space    used 4881K, committed 5440K, reserved 1048576K
}
Event: 15.736 GC heap before
{Heap before GC invocations=30 (full 2):
 PSYoungGen      total 23040K, used 22729K [0x00000000d5580000, 0x00000000d7100000, 0x0000000100000000)
  eden space 18944K, 100% used [0x00000000d5580000,0x00000000d6800000,0x00000000d6800000)
  from space 4096K, 92% used [0x00000000d6800000,0x00000000d6bb2768,0x00000000d6c00000)
  to   space 4608K, 0% used [0x00000000d6c80000,0x00000000d6c80000,0x00000000d7100000)
 ParOldGen       total 68608K, used 47053K [0x0000000080000000, 0x0000000084300000, 0x00000000d5580000)
  object space 68608K, 68% used [0x0000000080000000,0x0000000082df3758,0x0000000084300000)
 Metaspace       used 46166K, committed 47424K, reserved 1114112K
  class space    used 4943K, committed 5504K, reserved 1048576K
}
Event: 15.741 GC heap after
{Heap after GC invocations=30 (full 2):
 PSYoungGen      total 22528K, used 3551K [0x00000000d5580000, 0x00000000d7000000, 0x0000000100000000)
  eden space 18944K, 0% used [0x00000000d5580000,0x00000000d5580000,0x00000000d6800000)
  from space 3584K, 99% used [0x00000000d6c80000,0x00000000d6ff7f98,0x00000000d7000000)
  to   space 4096K, 0% used [0x00000000d6800000,0x00000000d6800000,0x00000000d6c00000)
 ParOldGen       total 68608K, used 50605K [0x0000000080000000, 0x0000000084300000, 0x00000000d5580000)
  object space 68608K, 73% used [0x0000000080000000,0x000000008316b4a8,0x0000000084300000)
 Metaspace       used 46166K, committed 47424K, reserved 1114112K
  class space    used 4943K, committed 5504K, reserved 1048576K
}
Event: 16.047 GC heap before
{Heap before GC invocations=31 (full 2):
 PSYoungGen      total 22528K, used 22495K [0x00000000d5580000, 0x00000000d7000000, 0x0000000100000000)
  eden space 18944K, 100% used [0x00000000d5580000,0x00000000d6800000,0x00000000d6800000)
  from space 3584K, 99% used [0x00000000d6c80000,0x00000000d6ff7f98,0x00000000d7000000)
  to   space 4096K, 0% used [0x00000000d6800000,0x00000000d6800000,0x00000000d6c00000)
 ParOldGen       total 68608K, used 50605K [0x0000000080000000, 0x0000000084300000, 0x00000000d5580000)
  object space 68608K, 73% used [0x0000000080000000,0x000000008316b4a8,0x0000000084300000)
 Metaspace       used 47100K, committed 48320K, reserved 1114112K
  class space    used 5053K, committed 5632K, reserved 1048576K
}
Event: 16.051 GC heap after
{Heap after GC invocations=31 (full 2):
 PSYoungGen      total 22528K, used 3273K [0x00000000d5580000, 0x00000000d6f00000, 0x0000000100000000)
  eden space 18944K, 0% used [0x00000000d5580000,0x00000000d5580000,0x00000000d6800000)
  from space 3584K, 91% used [0x00000000d6800000,0x00000000d6b32600,0x00000000d6b80000)
  to   space 3584K, 0% used [0x00000000d6b80000,0x00000000d6b80000,0x00000000d6f00000)
 ParOldGen       total 68608K, used 53901K [0x0000000080000000, 0x0000000084300000, 0x00000000d5580000)
  object space 68608K, 78% used [0x0000000080000000,0x00000000834a3768,0x0000000084300000)
 Metaspace       used 47100K, committed 48320K, reserved 1114112K
  class space    used 5053K, committed 5632K, reserved 1048576K
}
Event: 16.227 GC heap before
{Heap before GC invocations=32 (full 2):
 PSYoungGen      total 22528K, used 22217K [0x00000000d5580000, 0x00000000d6f00000, 0x0000000100000000)
  eden space 18944K, 100% used [0x00000000d5580000,0x00000000d6800000,0x00000000d6800000)
  from space 3584K, 91% used [0x00000000d6800000,0x00000000d6b32600,0x00000000d6b80000)
  to   space 3584K, 0% used [0x00000000d6b80000,0x00000000d6b80000,0x00000000d6f00000)
 ParOldGen       total 68608K, used 53901K [0x0000000080000000, 0x0000000084300000, 0x00000000d5580000)
  object space 68608K, 78% used [0x0000000080000000,0x00000000834a3768,0x0000000084300000)
 Metaspace       used 47494K, committed 48704K, reserved 1114112K
  class space    used 5114K, committed 5696K, reserved 1048576K
}
Event: 16.231 GC heap after
{Heap after GC invocations=32 (full 2):
 PSYoungGen      total 17920K, used 3566K [0x00000000d5580000, 0x00000000d7800000, 0x0000000100000000)
  eden space 14336K, 0% used [0x00000000d5580000,0x00000000d5580000,0x00000000d6380000)
  from space 3584K, 99% used [0x00000000d6b80000,0x00000000d6efb8d0,0x00000000d6f00000)
  to   space 8192K, 0% used [0x00000000d6380000,0x00000000d6380000,0x00000000d6b80000)
 ParOldGen       total 68608K, used 57473K [0x0000000080000000, 0x0000000084300000, 0x00000000d5580000)
  object space 68608K, 83% used [0x0000000080000000,0x00000000838205e0,0x0000000084300000)
 Metaspace       used 47494K, committed 48704K, reserved 1114112K
  class space    used 5114K, committed 5696K, reserved 1048576K
}
Event: 16.334 GC heap before
{Heap before GC invocations=33 (full 2):
 PSYoungGen      total 17920K, used 17902K [0x00000000d5580000, 0x00000000d7800000, 0x0000000100000000)
  eden space 14336K, 99% used [0x00000000d5580000,0x00000000d637ffc8,0x00000000d6380000)
  from space 3584K, 99% used [0x00000000d6b80000,0x00000000d6efb8d0,0x00000000d6f00000)
  to   space 8192K, 0% used [0x00000000d6380000,0x00000000d6380000,0x00000000d6b80000)
 ParOldGen       total 68608K, used 57473K [0x0000000080000000, 0x0000000084300000, 0x00000000d5580000)
  object space 68608K, 83% used [0x0000000080000000,0x00000000838205e0,0x0000000084300000)
 Metaspace       used 47839K, committed 49088K, reserved 1114112K
  class space    used 5169K, committed 5696K, reserved 1048576K
}
Event: 16.338 GC heap after
{Heap after GC invocations=33 (full 2):
 PSYoungGen      total 17408K, used 3024K [0x00000000d5580000, 0x00000000d6c80000, 0x0000000100000000)
  eden space 14336K, 0% used [0x00000000d5580000,0x00000000d5580000,0x00000000d6380000)
  from space 3072K, 98% used [0x00000000d6380000,0x00000000d66740e8,0x00000000d6680000)
  to   space 4608K, 0% used [0x00000000d6800000,0x00000000d6800000,0x00000000d6c80000)
 ParOldGen       total 68608K, used 60911K [0x0000000080000000, 0x0000000084300000, 0x00000000d5580000)
  object space 68608K, 88% used [0x0000000080000000,0x0000000083b7bdc0,0x0000000084300000)
 Metaspace       used 47839K, committed 49088K, reserved 1114112K
  class space    used 5169K, committed 5696K, reserved 1048576K
}

