# JRE version: OpenJDK Runtime Environment Temurin-21.0.8+9 (21.0.8+9) (build 21.0.8+9-LTS)
# Java VM: OpenJDK 64-Bit Server VM Temurin-21.0.8+9 (21.0.8+9-LTS, mixed mode, sharing, tiered, compressed oops, compressed class ptrs, parallel gc, windows-amd64)
GC Precious Log:
 CardTable entry size: 512
 CPUs: 8 total, 8 available
 Memory: 7930M
 Large Page Support: Disabled
 NUMA Support: Disabled
 Compressed Oops: Enabled (32-bit)
 Alignments: Space 512K, Generation 512K, Heap 2M
 Heap Min Capacity: 100M
 Heap Initial Capacity: 100M
 Heap Max Capacity: 2G
 Pre-touch: Disabled
 Parallel Workers: 8
Heap:
 PSYoungGen      total 7168K, used 6962K [0x00000000d5580000, 0x00000000d5e00000, 0x0000000100000000)
  eden space 5632K, 100% used [0x00000000d5580000,0x00000000d5b00000,0x00000000d5b00000)
  from space 1536K, 86% used [0x00000000d5b00000,0x00000000d5c4cbb8,0x00000000d5c80000)
  to   space 1536K, 58% used [0x00000000d5c80000,0x00000000d5d67ac8,0x00000000d5e00000)
 ParOldGen       total 143872K, used 143692K [0x0000000080000000, 0x0000000088c80000, 0x00000000d5580000)
  object space 143872K, 99% used [0x0000000080000000,0x0000000088c55288,0x0000000088c80000)
 Metaspace       used 60422K, committed 61824K, reserved 1114112K
  class space    used 6328K, committed 6912K, reserved 1048576K
GC Heap History (20 events):
Event: 44.992 GC heap before
{Heap before GC invocations=86 (full 3):
 PSYoungGen      total 7168K, used 7122K [0x00000000d5580000, 0x00000000d5e00000, 0x0000000100000000)
  eden space 6144K, 99% used [0x00000000d5580000,0x00000000d5b7c9d0,0x00000000d5b80000)
  from space 1024K, 96% used [0x00000000d5d00000,0x00000000d5df8000,0x00000000d5e00000)
  to   space 1024K, 0% used [0x00000000d5c00000,0x00000000d5c00000,0x00000000d5d00000)
 ParOldGen       total 134656K, used 133095K [0x0000000080000000, 0x0000000088380000, 0x00000000d5580000)
  object space 134656K, 98% used [0x0000000080000000,0x00000000881f9d50,0x0000000088380000)
 Metaspace       used 60222K, committed 61568K, reserved 1114112K
  class space    used 6325K, committed 6912K, reserved 1048576K
}
Event: 44.994 GC heap after
{Heap after GC invocations=86 (full 3):
 PSYoungGen      total 7168K, used 768K [0x00000000d5580000, 0x00000000d5d80000, 0x0000000100000000)
  eden space 6144K, 0% used [0x00000000d5580000,0x00000000d5580000,0x00000000d5b80000)
  from space 1024K, 75% used [0x00000000d5c00000,0x00000000d5cc0020,0x00000000d5d00000)
  to   space 512K, 0% used [0x00000000d5d00000,0x00000000d5d00000,0x00000000d5d80000)
 ParOldGen       total 134656K, used 133942K [0x0000000080000000, 0x0000000088380000, 0x00000000d5580000)
  object space 134656K, 99% used [0x0000000080000000,0x00000000882cd830,0x0000000088380000)
 Metaspace       used 60222K, committed 61568K, reserved 1114112K
  class space    used 6325K, committed 6912K, reserved 1048576K
}
Event: 45.014 GC heap before
{Heap before GC invocations=87 (full 3):
 PSYoungGen      total 7168K, used 6912K [0x00000000d5580000, 0x00000000d5d80000, 0x0000000100000000)
  eden space 6144K, 100% used [0x00000000d5580000,0x00000000d5b80000,0x00000000d5b80000)
  from space 1024K, 75% used [0x00000000d5c00000,0x00000000d5cc0020,0x00000000d5d00000)
  to   space 512K, 0% used [0x00000000d5d00000,0x00000000d5d00000,0x00000000d5d80000)
 ParOldGen       total 134656K, used 133942K [0x0000000080000000, 0x0000000088380000, 0x00000000d5580000)
  object space 134656K, 99% used [0x0000000080000000,0x00000000882cd830,0x0000000088380000)
 Metaspace       used 60250K, committed 61632K, reserved 1114112K
  class space    used 6326K, committed 6912K, reserved 1048576K
}
Event: 45.017 GC heap after
{Heap after GC invocations=87 (full 3):
 PSYoungGen      total 6144K, used 512K [0x00000000d5580000, 0x00000000d5f80000, 0x0000000100000000)
  eden space 5632K, 0% used [0x00000000d5580000,0x00000000d5580000,0x00000000d5b00000)
  from space 512K, 100% used [0x00000000d5d00000,0x00000000d5d80000,0x00000000d5d80000)
  to   space 2048K, 0% used [0x00000000d5b00000,0x00000000d5b00000,0x00000000d5d00000)
 ParOldGen       total 135168K, used 135031K [0x0000000080000000, 0x0000000088400000, 0x00000000d5580000)
  object space 135168K, 99% used [0x0000000080000000,0x00000000883ddd70,0x0000000088400000)
 Metaspace       used 60250K, committed 61632K, reserved 1114112K
  class space    used 6326K, committed 6912K, reserved 1048576K
}
Event: 45.035 GC heap before
{Heap before GC invocations=88 (full 3):
 PSYoungGen      total 6144K, used 6144K [0x00000000d5580000, 0x00000000d5f80000, 0x0000000100000000)
  eden space 5632K, 100% used [0x00000000d5580000,0x00000000d5b00000,0x00000000d5b00000)
  from space 512K, 100% used [0x00000000d5d00000,0x00000000d5d80000,0x00000000d5d80000)
  to   space 2048K, 0% used [0x00000000d5b00000,0x00000000d5b00000,0x00000000d5d00000)
 ParOldGen       total 135168K, used 135031K [0x0000000080000000, 0x0000000088400000, 0x00000000d5580000)
  object space 135168K, 99% used [0x0000000080000000,0x00000000883ddd70,0x0000000088400000)
 Metaspace       used 60259K, committed 61632K, reserved 1114112K
  class space    used 6327K, committed 6912K, reserved 1048576K
}
Event: 45.038 GC heap after
{Heap after GC invocations=88 (full 3):
 PSYoungGen      total 7168K, used 1138K [0x00000000d5580000, 0x00000000d5e00000, 0x0000000100000000)
  eden space 5632K, 0% used [0x00000000d5580000,0x00000000d5580000,0x00000000d5b00000)
  from space 1536K, 74% used [0x00000000d5b00000,0x00000000d5c1c9b0,0x00000000d5c80000)
  to   space 1536K, 0% used [0x00000000d5c80000,0x00000000d5c80000,0x00000000d5e00000)
 ParOldGen       total 135680K, used 135582K [0x0000000080000000, 0x0000000088480000, 0x00000000d5580000)
  object space 135680K, 99% used [0x0000000080000000,0x00000000884678e8,0x0000000088480000)
 Metaspace       used 60259K, committed 61632K, reserved 1114112K
  class space    used 6327K, committed 6912K, reserved 1048576K
}
Event: 45.065 GC heap before
{Heap before GC invocations=89 (full 3):
 PSYoungGen      total 7168K, used 6770K [0x00000000d5580000, 0x00000000d5e00000, 0x0000000100000000)
  eden space 5632K, 100% used [0x00000000d5580000,0x00000000d5b00000,0x00000000d5b00000)
  from space 1536K, 74% used [0x00000000d5b00000,0x00000000d5c1c9b0,0x00000000d5c80000)
  to   space 1536K, 0% used [0x00000000d5c80000,0x00000000d5c80000,0x00000000d5e00000)
 ParOldGen       total 135680K, used 135582K [0x0000000080000000, 0x0000000088480000, 0x00000000d5580000)
  object space 135680K, 99% used [0x0000000080000000,0x00000000884678e8,0x0000000088480000)
 Metaspace       used 60266K, committed 61632K, reserved 1114112K
  class space    used 6327K, committed 6912K, reserved 1048576K
}
Event: 45.067 GC heap after
{Heap after GC invocations=89 (full 3):
 PSYoungGen      total 6656K, used 864K [0x00000000d5580000, 0x00000000d5d80000, 0x0000000100000000)
  eden space 5632K, 0% used [0x00000000d5580000,0x00000000d5580000,0x00000000d5b00000)
  from space 1024K, 84% used [0x00000000d5c80000,0x00000000d5d58010,0x00000000d5d80000)
  to   space 1024K, 0% used [0x00000000d5b80000,0x00000000d5b80000,0x00000000d5c80000)
 ParOldGen       total 136704K, used 136485K [0x0000000080000000, 0x0000000088580000, 0x00000000d5580000)
  object space 136704K, 99% used [0x0000000080000000,0x00000000885494c0,0x0000000088580000)
 Metaspace       used 60266K, committed 61632K, reserved 1114112K
  class space    used 6327K, committed 6912K, reserved 1048576K
}
Event: 45.116 GC heap before
{Heap before GC invocations=90 (full 3):
 PSYoungGen      total 6656K, used 6496K [0x00000000d5580000, 0x00000000d5d80000, 0x0000000100000000)
  eden space 5632K, 100% used [0x00000000d5580000,0x00000000d5b00000,0x00000000d5b00000)
  from space 1024K, 84% used [0x00000000d5c80000,0x00000000d5d58010,0x00000000d5d80000)
  to   space 1024K, 0% used [0x00000000d5b80000,0x00000000d5b80000,0x00000000d5c80000)
 ParOldGen       total 136704K, used 136485K [0x0000000080000000, 0x0000000088580000, 0x00000000d5580000)
  object space 136704K, 99% used [0x0000000080000000,0x00000000885494c0,0x0000000088580000)
 Metaspace       used 60318K, committed 61696K, reserved 1114112K
  class space    used 6327K, committed 6912K, reserved 1048576K
}
Event: 45.119 GC heap after
{Heap after GC invocations=90 (full 3):
 PSYoungGen      total 6656K, used 1009K [0x00000000d5580000, 0x00000000d5f00000, 0x0000000100000000)
  eden space 5632K, 0% used [0x00000000d5580000,0x00000000d5580000,0x00000000d5b00000)
  from space 1024K, 98% used [0x00000000d5b80000,0x00000000d5c7c778,0x00000000d5c80000)
  to   space 2048K, 0% used [0x00000000d5d00000,0x00000000d5d00000,0x00000000d5f00000)
 ParOldGen       total 137216K, used 137143K [0x0000000080000000, 0x0000000088600000, 0x00000000d5580000)
  object space 137216K, 99% used [0x0000000080000000,0x00000000885edd00,0x0000000088600000)
 Metaspace       used 60318K, committed 61696K, reserved 1114112K
  class space    used 6327K, committed 6912K, reserved 1048576K
}
Event: 45.144 GC heap before
{Heap before GC invocations=91 (full 3):
 PSYoungGen      total 6656K, used 6641K [0x00000000d5580000, 0x00000000d5f00000, 0x0000000100000000)
  eden space 5632K, 100% used [0x00000000d5580000,0x00000000d5b00000,0x00000000d5b00000)
  from space 1024K, 98% used [0x00000000d5b80000,0x00000000d5c7c778,0x00000000d5c80000)
  to   space 2048K, 0% used [0x00000000d5d00000,0x00000000d5d00000,0x00000000d5f00000)
 ParOldGen       total 137216K, used 137143K [0x0000000080000000, 0x0000000088600000, 0x00000000d5580000)
  object space 137216K, 99% used [0x0000000080000000,0x00000000885edd00,0x0000000088600000)
 Metaspace       used 60324K, committed 61696K, reserved 1114112K
  class space    used 6327K, committed 6912K, reserved 1048576K
}
Event: 45.146 GC heap after
{Heap after GC invocations=91 (full 3):
 PSYoungGen      total 6656K, used 916K [0x00000000d5580000, 0x00000000d5e00000, 0x0000000100000000)
  eden space 5632K, 0% used [0x00000000d5580000,0x00000000d5580000,0x00000000d5b00000)
  from space 1024K, 89% used [0x00000000d5d00000,0x00000000d5de53c8,0x00000000d5e00000)
  to   space 1536K, 0% used [0x00000000d5b00000,0x00000000d5b00000,0x00000000d5c80000)
 ParOldGen       total 138240K, used 137877K [0x0000000080000000, 0x0000000088700000, 0x00000000d5580000)
  object space 138240K, 99% used [0x0000000080000000,0x00000000886a56a8,0x0000000088700000)
 Metaspace       used 60324K, committed 61696K, reserved 1114112K
  class space    used 6327K, committed 6912K, reserved 1048576K
}
Event: 45.174 GC heap before
{Heap before GC invocations=92 (full 3):
 PSYoungGen      total 6656K, used 6548K [0x00000000d5580000, 0x00000000d5e00000, 0x0000000100000000)
  eden space 5632K, 99% used [0x00000000d5580000,0x00000000d5affff8,0x00000000d5b00000)
  from space 1024K, 89% used [0x00000000d5d00000,0x00000000d5de53c8,0x00000000d5e00000)
  to   space 1536K, 0% used [0x00000000d5b00000,0x00000000d5b00000,0x00000000d5c80000)
 ParOldGen       total 138240K, used 137877K [0x0000000080000000, 0x0000000088700000, 0x00000000d5580000)
  object space 138240K, 99% used [0x0000000080000000,0x00000000886a56a8,0x0000000088700000)
 Metaspace       used 60342K, committed 61696K, reserved 1114112K
  class space    used 6327K, committed 6912K, reserved 1048576K
}
Event: 45.176 GC heap after
{Heap after GC invocations=92 (full 3):
 PSYoungGen      total 7168K, used 1043K [0x00000000d5580000, 0x00000000d5e00000, 0x0000000100000000)
  eden space 5632K, 0% used [0x00000000d5580000,0x00000000d5580000,0x00000000d5b00000)
  from space 1536K, 67% used [0x00000000d5b00000,0x00000000d5c04c60,0x00000000d5c80000)
  to   space 1536K, 0% used [0x00000000d5c80000,0x00000000d5c80000,0x00000000d5e00000)
 ParOldGen       total 138752K, used 138500K [0x0000000080000000, 0x0000000088780000, 0x00000000d5580000)
  object space 138752K, 99% used [0x0000000080000000,0x0000000088741050,0x0000000088780000)
 Metaspace       used 60342K, committed 61696K, reserved 1114112K
  class space    used 6327K, committed 6912K, reserved 1048576K
}
Event: 45.196 GC heap before
{Heap before GC invocations=93 (full 3):
 PSYoungGen      total 7168K, used 6675K [0x00000000d5580000, 0x00000000d5e00000, 0x0000000100000000)
  eden space 5632K, 100% used [0x00000000d5580000,0x00000000d5b00000,0x00000000d5b00000)
  from space 1536K, 67% used [0x00000000d5b00000,0x00000000d5c04c60,0x00000000d5c80000)
  to   space 1536K, 0% used [0x00000000d5c80000,0x00000000d5c80000,0x00000000d5e00000)
 ParOldGen       total 138752K, used 138500K [0x0000000080000000, 0x0000000088780000, 0x00000000d5580000)
  object space 138752K, 99% used [0x0000000080000000,0x0000000088741050,0x0000000088780000)
 Metaspace       used 60350K, committed 61696K, reserved 1114112K
  class space    used 6327K, committed 6912K, reserved 1048576K
}
Event: 45.198 GC heap after
{Heap after GC invocations=93 (full 3):
 PSYoungGen      total 7168K, used 1095K [0x00000000d5580000, 0x00000000d5e00000, 0x0000000100000000)
  eden space 5632K, 0% used [0x00000000d5580000,0x00000000d5580000,0x00000000d5b00000)
  from space 1536K, 71% used [0x00000000d5c80000,0x00000000d5d91c70,0x00000000d5e00000)
  to   space 1536K, 0% used [0x00000000d5b00000,0x00000000d5b00000,0x00000000d5c80000)
 ParOldGen       total 139264K, used 139225K [0x0000000080000000, 0x0000000088800000, 0x00000000d5580000)
  object space 139264K, 99% used [0x0000000080000000,0x00000000887f67e0,0x0000000088800000)
 Metaspace       used 60350K, committed 61696K, reserved 1114112K
  class space    used 6327K, committed 6912K, reserved 1048576K
}
Event: 45.234 GC heap before
{Heap before GC invocations=94 (full 3):
 PSYoungGen      total 7168K, used 6727K [0x00000000d5580000, 0x00000000d5e00000, 0x0000000100000000)
  eden space 5632K, 100% used [0x00000000d5580000,0x00000000d5b00000,0x00000000d5b00000)
  from space 1536K, 71% used [0x00000000d5c80000,0x00000000d5d91c70,0x00000000d5e00000)
  to   space 1536K, 0% used [0x00000000d5b00000,0x00000000d5b00000,0x00000000d5c80000)
 ParOldGen       total 139264K, used 139225K [0x0000000080000000, 0x0000000088800000, 0x00000000d5580000)
  object space 139264K, 99% used [0x0000000080000000,0x00000000887f67e0,0x0000000088800000)
 Metaspace       used 60357K, committed 61696K, reserved 1114112K
  class space    used 6327K, committed 6912K, reserved 1048576K
}
Event: 45.236 GC heap after
{Heap after GC invocations=94 (full 3):
 PSYoungGen      total 7168K, used 1459K [0x00000000d5580000, 0x00000000d5e00000, 0x0000000100000000)
  eden space 5632K, 0% used [0x00000000d5580000,0x00000000d5580000,0x00000000d5b00000)
  from space 1536K, 95% used [0x00000000d5b00000,0x00000000d5c6cfa8,0x00000000d5c80000)
  to   space 1536K, 0% used [0x00000000d5c80000,0x00000000d5c80000,0x00000000d5e00000)
 ParOldGen       total 140288K, used 140170K [0x0000000080000000, 0x0000000088900000, 0x00000000d5580000)
  object space 140288K, 99% used [0x0000000080000000,0x00000000888e2a28,0x0000000088900000)
 Metaspace       used 60357K, committed 61696K, reserved 1114112K
  class space    used 6327K, committed 6912K, reserved 1048576K
}
Event: 45.266 GC heap before
{Heap before GC invocations=95 (full 3):
 PSYoungGen      total 7168K, used 7091K [0x00000000d5580000, 0x00000000d5e00000, 0x0000000100000000)
  eden space 5632K, 99% used [0x00000000d5580000,0x00000000d5afffe8,0x00000000d5b00000)
  from space 1536K, 95% used [0x00000000d5b00000,0x00000000d5c6cfa8,0x00000000d5c80000)
  to   space 1536K, 0% used [0x00000000d5c80000,0x00000000d5c80000,0x00000000d5e00000)
 ParOldGen       total 140288K, used 140170K [0x0000000080000000, 0x0000000088900000, 0x00000000d5580000)
  object space 140288K, 99% used [0x0000000080000000,0x00000000888e2a28,0x0000000088900000)
 Metaspace       used 60378K, committed 61760K, reserved 1114112K
  class space    used 6327K, committed 6912K, reserved 1048576K
}
Event: 45.268 GC heap after
{Heap after GC invocations=95 (full 3):
 PSYoungGen      total 7168K, used 1338K [0x00000000d5580000, 0x00000000d5e00000, 0x0000000100000000)
  eden space 5632K, 0% used [0x00000000d5580000,0x00000000d5580000,0x00000000d5b00000)
  from space 1536K, 87% used [0x00000000d5c80000,0x00000000d5dceb10,0x00000000d5e00000)
  to   space 1536K, 0% used [0x00000000d5b00000,0x00000000d5b00000,0x00000000d5c80000)
 ParOldGen       total 141824K, used 141447K [0x0000000080000000, 0x0000000088a80000, 0x00000000d5580000)
  object space 141824K, 99% used [0x0000000080000000,0x0000000088a21ef0,0x0000000088a80000)
 Metaspace       used 60378K, committed 61760K, reserved 1114112K
  class space    used 6327K, committed 6912K, reserved 1048576K
}

