# JRE version: OpenJDK Runtime Environment Temurin-21.0.8+9 (21.0.8+9) (build 21.0.8+9-LTS)
# Java VM: OpenJDK 64-Bit Server VM Temurin-21.0.8+9 (21.0.8+9-LTS, mixed mode, sharing, tiered, compressed oops, compressed class ptrs, parallel gc, windows-amd64)
GC Precious Log:
 CardTable entry size: 512
 CPUs: 8 total, 8 available
 Memory: 7930M
 Large Page Support: Disabled
 NUMA Support: Disabled
 Compressed Oops: Enabled (32-bit)
 Alignments: Space 512K, Generation 512K, Heap 2M
 Heap Min Capacity: 100M
 Heap Initial Capacity: 100M
 Heap Max Capacity: 2G
 Pre-touch: Disabled
 Parallel Workers: 8
Heap:
 PSYoungGen      total 12800K, used 6979K [0x00000000d5580000, 0x00000000d6680000, 0x0000000100000000)
  eden space 10240K, 45% used [0x00000000d5580000,0x00000000d5a144f0,0x00000000d5f80000)
  from space 2560K, 89% used [0x00000000d6180000,0x00000000d63bc740,0x00000000d6400000)
  to   space 2560K, 0% used [0x00000000d6400000,0x00000000d6400000,0x00000000d6680000)
 ParOldGen       total 68608K, used 65045K [0x0000000080000000, 0x0000000084300000, 0x00000000d5580000)
  object space 68608K, 94% used [0x0000000080000000,0x0000000083f85480,0x0000000084300000)
 Metaspace       used 48763K, committed 50048K, reserved 1114112K
  class space    used 5234K, committed 5824K, reserved 1048576K
GC Heap History (20 events):
Event: 11.536 GC heap before
{Heap before GC invocations=25 (full 2):
 PSYoungGen      total 22016K, used 22013K [0x00000000d5580000, 0x00000000d7500000, 0x0000000100000000)
  eden space 19968K, 100% used [0x00000000d5580000,0x00000000d6900000,0x00000000d6900000)
  from space 2048K, 99% used [0x00000000d6e00000,0x00000000d6fff5e0,0x00000000d7000000)
  to   space 5120K, 0% used [0x00000000d6900000,0x00000000d6900000,0x00000000d6e00000)
 ParOldGen       total 68608K, used 32018K [0x0000000080000000, 0x0000000084300000, 0x00000000d5580000)
  object space 68608K, 46% used [0x0000000080000000,0x0000000081f44b98,0x0000000084300000)
 Metaspace       used 46400K, committed 47744K, reserved 1114112K
  class space    used 5039K, committed 5632K, reserved 1048576K
}
Event: 11.540 GC heap after
{Heap after GC invocations=25 (full 2):
 PSYoungGen      total 22016K, used 2036K [0x00000000d5580000, 0x00000000d6f00000, 0x0000000100000000)
  eden space 19968K, 0% used [0x00000000d5580000,0x00000000d5580000,0x00000000d6900000)
  from space 2048K, 99% used [0x00000000d6900000,0x00000000d6afd130,0x00000000d6b00000)
  to   space 3072K, 0% used [0x00000000d6c00000,0x00000000d6c00000,0x00000000d6f00000)
 ParOldGen       total 68608K, used 34042K [0x0000000080000000, 0x0000000084300000, 0x00000000d5580000)
  object space 68608K, 49% used [0x0000000080000000,0x000000008213e908,0x0000000084300000)
 Metaspace       used 46400K, committed 47744K, reserved 1114112K
  class space    used 5039K, committed 5632K, reserved 1048576K
}
Event: 11.684 GC heap before
{Heap before GC invocations=26 (full 2):
 PSYoungGen      total 22016K, used 22004K [0x00000000d5580000, 0x00000000d6f00000, 0x0000000100000000)
  eden space 19968K, 100% used [0x00000000d5580000,0x00000000d6900000,0x00000000d6900000)
  from space 2048K, 99% used [0x00000000d6900000,0x00000000d6afd130,0x00000000d6b00000)
  to   space 3072K, 0% used [0x00000000d6c00000,0x00000000d6c00000,0x00000000d6f00000)
 ParOldGen       total 68608K, used 34042K [0x0000000080000000, 0x0000000084300000, 0x00000000d5580000)
  object space 68608K, 49% used [0x0000000080000000,0x000000008213e908,0x0000000084300000)
 Metaspace       used 46476K, committed 47872K, reserved 1114112K
  class space    used 5039K, committed 5632K, reserved 1048576K
}
Event: 11.689 GC heap after
{Heap after GC invocations=26 (full 2):
 PSYoungGen      total 22528K, used 2343K [0x00000000d5580000, 0x00000000d6e80000, 0x0000000100000000)
  eden space 19968K, 0% used [0x00000000d5580000,0x00000000d5580000,0x00000000d6900000)
  from space 2560K, 91% used [0x00000000d6c00000,0x00000000d6e49ef0,0x00000000d6e80000)
  to   space 2560K, 0% used [0x00000000d6980000,0x00000000d6980000,0x00000000d6c00000)
 ParOldGen       total 68608K, used 35959K [0x0000000080000000, 0x0000000084300000, 0x00000000d5580000)
  object space 68608K, 52% used [0x0000000080000000,0x000000008231dfb0,0x0000000084300000)
 Metaspace       used 46476K, committed 47872K, reserved 1114112K
  class space    used 5039K, committed 5632K, reserved 1048576K
}
Event: 11.785 GC heap before
{Heap before GC invocations=27 (full 2):
 PSYoungGen      total 22528K, used 22311K [0x00000000d5580000, 0x00000000d6e80000, 0x0000000100000000)
  eden space 19968K, 100% used [0x00000000d5580000,0x00000000d6900000,0x00000000d6900000)
  from space 2560K, 91% used [0x00000000d6c00000,0x00000000d6e49ef0,0x00000000d6e80000)
  to   space 2560K, 0% used [0x00000000d6980000,0x00000000d6980000,0x00000000d6c00000)
 ParOldGen       total 68608K, used 35959K [0x0000000080000000, 0x0000000084300000, 0x00000000d5580000)
  object space 68608K, 52% used [0x0000000080000000,0x000000008231dfb0,0x0000000084300000)
 Metaspace       used 46502K, committed 47872K, reserved 1114112K
  class space    used 5039K, committed 5632K, reserved 1048576K
}
Event: 11.789 GC heap after
{Heap after GC invocations=27 (full 2):
 PSYoungGen      total 22528K, used 2246K [0x00000000d5580000, 0x00000000d6e00000, 0x0000000100000000)
  eden space 19968K, 0% used [0x00000000d5580000,0x00000000d5580000,0x00000000d6900000)
  from space 2560K, 87% used [0x00000000d6980000,0x00000000d6bb1b28,0x00000000d6c00000)
  to   space 2048K, 0% used [0x00000000d6c00000,0x00000000d6c00000,0x00000000d6e00000)
 ParOldGen       total 68608K, used 38210K [0x0000000080000000, 0x0000000084300000, 0x00000000d5580000)
  object space 68608K, 55% used [0x0000000080000000,0x0000000082550a70,0x0000000084300000)
 Metaspace       used 46502K, committed 47872K, reserved 1114112K
  class space    used 5039K, committed 5632K, reserved 1048576K
}
Event: 12.092 GC heap before
{Heap before GC invocations=28 (full 2):
 PSYoungGen      total 22528K, used 22214K [0x00000000d5580000, 0x00000000d6e00000, 0x0000000100000000)
  eden space 19968K, 100% used [0x00000000d5580000,0x00000000d6900000,0x00000000d6900000)
  from space 2560K, 87% used [0x00000000d6980000,0x00000000d6bb1b28,0x00000000d6c00000)
  to   space 2048K, 0% used [0x00000000d6c00000,0x00000000d6c00000,0x00000000d6e00000)
 ParOldGen       total 68608K, used 38210K [0x0000000080000000, 0x0000000084300000, 0x00000000d5580000)
  object space 68608K, 55% used [0x0000000080000000,0x0000000082550a70,0x0000000084300000)
 Metaspace       used 47180K, committed 48512K, reserved 1114112K
  class space    used 5104K, committed 5696K, reserved 1048576K
}
Event: 12.097 GC heap after
{Heap after GC invocations=28 (full 2):
 PSYoungGen      total 18432K, used 2041K [0x00000000d5580000, 0x00000000d7600000, 0x0000000100000000)
  eden space 16384K, 0% used [0x00000000d5580000,0x00000000d5580000,0x00000000d6580000)
  from space 2048K, 99% used [0x00000000d6c00000,0x00000000d6dfe6c0,0x00000000d6e00000)
  to   space 6656K, 0% used [0x00000000d6580000,0x00000000d6580000,0x00000000d6c00000)
 ParOldGen       total 68608K, used 41757K [0x0000000080000000, 0x0000000084300000, 0x00000000d5580000)
  object space 68608K, 60% used [0x0000000080000000,0x00000000828c77e8,0x0000000084300000)
 Metaspace       used 47180K, committed 48512K, reserved 1114112K
  class space    used 5104K, committed 5696K, reserved 1048576K
}
Event: 12.559 GC heap before
{Heap before GC invocations=29 (full 2):
 PSYoungGen      total 18432K, used 18425K [0x00000000d5580000, 0x00000000d7600000, 0x0000000100000000)
  eden space 16384K, 100% used [0x00000000d5580000,0x00000000d6580000,0x00000000d6580000)
  from space 2048K, 99% used [0x00000000d6c00000,0x00000000d6dfe6c0,0x00000000d6e00000)
  to   space 6656K, 0% used [0x00000000d6580000,0x00000000d6580000,0x00000000d6c00000)
 ParOldGen       total 68608K, used 41757K [0x0000000080000000, 0x0000000084300000, 0x00000000d5580000)
  object space 68608K, 60% used [0x0000000080000000,0x00000000828c77e8,0x0000000084300000)
 Metaspace       used 47249K, committed 48576K, reserved 1114112K
  class space    used 5108K, committed 5696K, reserved 1048576K
}
Event: 12.563 GC heap after
{Heap after GC invocations=29 (full 2):
 PSYoungGen      total 19968K, used 3252K [0x00000000d5580000, 0x00000000d6d80000, 0x0000000100000000)
  eden space 16384K, 0% used [0x00000000d5580000,0x00000000d5580000,0x00000000d6580000)
  from space 3584K, 90% used [0x00000000d6580000,0x00000000d68ad160,0x00000000d6900000)
  to   space 4096K, 0% used [0x00000000d6980000,0x00000000d6980000,0x00000000d6d80000)
 ParOldGen       total 68608K, used 43618K [0x0000000080000000, 0x0000000084300000, 0x00000000d5580000)
  object space 68608K, 63% used [0x0000000080000000,0x0000000082a98bd0,0x0000000084300000)
 Metaspace       used 47249K, committed 48576K, reserved 1114112K
  class space    used 5108K, committed 5696K, reserved 1048576K
}
Event: 12.859 GC heap before
{Heap before GC invocations=30 (full 2):
 PSYoungGen      total 19968K, used 19636K [0x00000000d5580000, 0x00000000d6d80000, 0x0000000100000000)
  eden space 16384K, 100% used [0x00000000d5580000,0x00000000d6580000,0x00000000d6580000)
  from space 3584K, 90% used [0x00000000d6580000,0x00000000d68ad160,0x00000000d6900000)
  to   space 4096K, 0% used [0x00000000d6980000,0x00000000d6980000,0x00000000d6d80000)
 ParOldGen       total 68608K, used 43618K [0x0000000080000000, 0x0000000084300000, 0x00000000d5580000)
  object space 68608K, 63% used [0x0000000080000000,0x0000000082a98bd0,0x0000000084300000)
 Metaspace       used 47256K, committed 48576K, reserved 1114112K
  class space    used 5108K, committed 5696K, reserved 1048576K
}
Event: 12.863 GC heap after
{Heap after GC invocations=30 (full 2):
 PSYoungGen      total 19968K, used 3362K [0x00000000d5580000, 0x00000000d6d00000, 0x0000000100000000)
  eden space 16384K, 0% used [0x00000000d5580000,0x00000000d5580000,0x00000000d6580000)
  from space 3584K, 93% used [0x00000000d6980000,0x00000000d6cc8a30,0x00000000d6d00000)
  to   space 3584K, 0% used [0x00000000d6580000,0x00000000d6580000,0x00000000d6900000)
 ParOldGen       total 68608K, used 46675K [0x0000000080000000, 0x0000000084300000, 0x00000000d5580000)
  object space 68608K, 68% used [0x0000000080000000,0x0000000082d94dc0,0x0000000084300000)
 Metaspace       used 47256K, committed 48576K, reserved 1114112K
  class space    used 5108K, committed 5696K, reserved 1048576K
}
Event: 13.232 GC heap before
{Heap before GC invocations=31 (full 2):
 PSYoungGen      total 19968K, used 19746K [0x00000000d5580000, 0x00000000d6d00000, 0x0000000100000000)
  eden space 16384K, 100% used [0x00000000d5580000,0x00000000d6580000,0x00000000d6580000)
  from space 3584K, 93% used [0x00000000d6980000,0x00000000d6cc8a30,0x00000000d6d00000)
  to   space 3584K, 0% used [0x00000000d6580000,0x00000000d6580000,0x00000000d6900000)
 ParOldGen       total 68608K, used 46675K [0x0000000080000000, 0x0000000084300000, 0x00000000d5580000)
  object space 68608K, 68% used [0x0000000080000000,0x0000000082d94dc0,0x0000000084300000)
 Metaspace       used 47371K, committed 48704K, reserved 1114112K
  class space    used 5119K, committed 5696K, reserved 1048576K
}
Event: 14.205 GC heap after
{Heap after GC invocations=31 (full 2):
 PSYoungGen      total 19968K, used 3456K [0x00000000d5580000, 0x00000000d6c80000, 0x0000000100000000)
  eden space 16384K, 0% used [0x00000000d5580000,0x00000000d5580000,0x00000000d6580000)
  from space 3584K, 96% used [0x00000000d6580000,0x00000000d68e01c8,0x00000000d6900000)
  to   space 3584K, 0% used [0x00000000d6900000,0x00000000d6900000,0x00000000d6c80000)
 ParOldGen       total 68608K, used 49712K [0x0000000080000000, 0x0000000084300000, 0x00000000d5580000)
  object space 68608K, 72% used [0x0000000080000000,0x000000008308c2d0,0x0000000084300000)
 Metaspace       used 47371K, committed 48704K, reserved 1114112K
  class space    used 5119K, committed 5696K, reserved 1048576K
}
Event: 14.350 GC heap before
{Heap before GC invocations=32 (full 2):
 PSYoungGen      total 19968K, used 19840K [0x00000000d5580000, 0x00000000d6c80000, 0x0000000100000000)
  eden space 16384K, 100% used [0x00000000d5580000,0x00000000d6580000,0x00000000d6580000)
  from space 3584K, 96% used [0x00000000d6580000,0x00000000d68e01c8,0x00000000d6900000)
  to   space 3584K, 0% used [0x00000000d6900000,0x00000000d6900000,0x00000000d6c80000)
 ParOldGen       total 68608K, used 49712K [0x0000000080000000, 0x0000000084300000, 0x00000000d5580000)
  object space 68608K, 72% used [0x0000000080000000,0x000000008308c2d0,0x0000000084300000)
 Metaspace       used 47914K, committed 49216K, reserved 1114112K
  class space    used 5166K, committed 5760K, reserved 1048576K
}
Event: 14.354 GC heap after
{Heap after GC invocations=32 (full 2):
 PSYoungGen      total 13824K, used 3561K [0x00000000d5580000, 0x00000000d7880000, 0x0000000100000000)
  eden space 10240K, 0% used [0x00000000d5580000,0x00000000d5580000,0x00000000d5f80000)
  from space 3584K, 99% used [0x00000000d6900000,0x00000000d6c7a698,0x00000000d6c80000)
  to   space 9728K, 0% used [0x00000000d5f80000,0x00000000d5f80000,0x00000000d6900000)
 ParOldGen       total 68608K, used 54878K [0x0000000080000000, 0x0000000084300000, 0x00000000d5580000)
  object space 68608K, 79% used [0x0000000080000000,0x0000000083597b80,0x0000000084300000)
 Metaspace       used 47914K, committed 49216K, reserved 1114112K
  class space    used 5166K, committed 5760K, reserved 1048576K
}
Event: 14.441 GC heap before
{Heap before GC invocations=33 (full 2):
 PSYoungGen      total 13824K, used 13801K [0x00000000d5580000, 0x00000000d7880000, 0x0000000100000000)
  eden space 10240K, 100% used [0x00000000d5580000,0x00000000d5f80000,0x00000000d5f80000)
  from space 3584K, 99% used [0x00000000d6900000,0x00000000d6c7a698,0x00000000d6c80000)
  to   space 9728K, 0% used [0x00000000d5f80000,0x00000000d5f80000,0x00000000d6900000)
 ParOldGen       total 68608K, used 54878K [0x0000000080000000, 0x0000000084300000, 0x00000000d5580000)
  object space 68608K, 79% used [0x0000000080000000,0x0000000083597b80,0x0000000084300000)
 Metaspace       used 47940K, committed 49216K, reserved 1114112K
  class space    used 5170K, committed 5760K, reserved 1048576K
}
Event: 14.445 GC heap after
{Heap after GC invocations=33 (full 2):
 PSYoungGen      total 15360K, used 4722K [0x00000000d5580000, 0x00000000d6c80000, 0x0000000100000000)
  eden space 10240K, 0% used [0x00000000d5580000,0x00000000d5580000,0x00000000d5f80000)
  from space 5120K, 92% used [0x00000000d5f80000,0x00000000d641c8f0,0x00000000d6480000)
  to   space 6656K, 0% used [0x00000000d6600000,0x00000000d6600000,0x00000000d6c80000)
 ParOldGen       total 68608K, used 58382K [0x0000000080000000, 0x0000000084300000, 0x00000000d5580000)
  object space 68608K, 85% used [0x0000000080000000,0x0000000083903900,0x0000000084300000)
 Metaspace       used 47940K, committed 49216K, reserved 1114112K
  class space    used 5170K, committed 5760K, reserved 1048576K
}
Event: 14.543 GC heap before
{Heap before GC invocations=34 (full 2):
 PSYoungGen      total 15360K, used 14962K [0x00000000d5580000, 0x00000000d6c80000, 0x0000000100000000)
  eden space 10240K, 100% used [0x00000000d5580000,0x00000000d5f80000,0x00000000d5f80000)
  from space 5120K, 92% used [0x00000000d5f80000,0x00000000d641c8f0,0x00000000d6480000)
  to   space 6656K, 0% used [0x00000000d6600000,0x00000000d6600000,0x00000000d6c80000)
 ParOldGen       total 68608K, used 58382K [0x0000000080000000, 0x0000000084300000, 0x00000000d5580000)
  object space 68608K, 85% used [0x0000000080000000,0x0000000083903900,0x0000000084300000)
 Metaspace       used 48053K, committed 49344K, reserved 1114112K
  class space    used 5177K, committed 5760K, reserved 1048576K
}
Event: 14.548 GC heap after
{Heap after GC invocations=34 (full 2):
 PSYoungGen      total 12800K, used 2399K [0x00000000d5580000, 0x00000000d6880000, 0x0000000100000000)
  eden space 10240K, 0% used [0x00000000d5580000,0x00000000d5580000,0x00000000d5f80000)
  from space 2560K, 93% used [0x00000000d6600000,0x00000000d6857fc8,0x00000000d6880000)
  to   space 3584K, 0% used [0x00000000d6180000,0x00000000d6180000,0x00000000d6500000)
 ParOldGen       total 68608K, used 62958K [0x0000000080000000, 0x0000000084300000, 0x00000000d5580000)
  object space 68608K, 91% used [0x0000000080000000,0x0000000083d7bab8,0x0000000084300000)
 Metaspace       used 48053K, committed 49344K, reserved 1114112K
  class space    used 5177K, committed 5760K, reserved 1048576K
}

