# JRE version: OpenJDK Runtime Environment Temurin-21.0.8+9 (21.0.8+9) (build 21.0.8+9-LTS)
# Java VM: OpenJDK 64-Bit Server VM Temurin-21.0.8+9 (21.0.8+9-LTS, mixed mode, sharing, tiered, compressed oops, compressed class ptrs, parallel gc, windows-amd64)
GC Precious Log:
 CardTable entry size: 512
 CPUs: 8 total, 8 available
 Memory: 7930M
 Large Page Support: Disabled
 NUMA Support: Disabled
 Compressed Oops: Enabled (32-bit)
 Alignments: Space 512K, Generation 512K, Heap 2M
 Heap Min Capacity: 100M
 Heap Initial Capacity: 100M
 Heap Max Capacity: 2G
 Pre-touch: Disabled
 Parallel Workers: 8
Heap:
 PSYoungGen      total 3584K, used 2415K [0x00000000d5580000, 0x00000000d5a80000, 0x0000000100000000)
  eden space 2560K, 69% used [0x00000000d5580000,0x00000000d573bef8,0x00000000d5800000)
  from space 1024K, 62% used [0x00000000d5980000,0x00000000d5a20000,0x00000000d5a80000)
  to   space 1024K, 0% used [0x00000000d5880000,0x00000000d5880000,0x00000000d5980000)
 ParOldGen       total 328704K, used 328693K [0x0000000080000000, 0x0000000094100000, 0x00000000d5580000)
  object space 328704K, 99% used [0x0000000080000000,0x00000000940fd488,0x0000000094100000)
 Metaspace       used 63671K, committed 65088K, reserved 1114112K
  class space    used 6666K, committed 7296K, reserved 1048576K
GC Heap History (20 events):
Event: 36.833 GC heap after
{Heap after GC invocations=565 (full 3):
 PSYoungGen      total 2560K, used 480K [0x00000000d5580000, 0x00000000d5900000, 0x0000000100000000)
  eden space 2048K, 0% used [0x00000000d5580000,0x00000000d5580000,0x00000000d5780000)
  from space 512K, 93% used [0x00000000d5880000,0x00000000d58f8000,0x00000000d5900000)
  to   space 512K, 0% used [0x00000000d5800000,0x00000000d5800000,0x00000000d5880000)
 ParOldGen       total 324096K, used 324074K [0x0000000080000000, 0x0000000093c80000, 0x00000000d5580000)
  object space 324096K, 99% used [0x0000000080000000,0x0000000093c7ab70,0x0000000093c80000)
 Metaspace       used 63659K, committed 65088K, reserved 1114112K
  class space    used 6666K, committed 7296K, reserved 1048576K
}
Event: 36.859 GC heap before
{Heap before GC invocations=566 (full 3):
 PSYoungGen      total 2560K, used 2528K [0x00000000d5580000, 0x00000000d5900000, 0x0000000100000000)
  eden space 2048K, 100% used [0x00000000d5580000,0x00000000d5780000,0x00000000d5780000)
  from space 512K, 93% used [0x00000000d5880000,0x00000000d58f8000,0x00000000d5900000)
  to   space 512K, 0% used [0x00000000d5800000,0x00000000d5800000,0x00000000d5880000)
 ParOldGen       total 324096K, used 324074K [0x0000000080000000, 0x0000000093c80000, 0x00000000d5580000)
  object space 324096K, 99% used [0x0000000080000000,0x0000000093c7ab70,0x0000000093c80000)
 Metaspace       used 63659K, committed 65088K, reserved 1114112K
  class space    used 6666K, committed 7296K, reserved 1048576K
}
Event: 36.861 GC heap after
{Heap after GC invocations=566 (full 3):
 PSYoungGen      total 2560K, used 469K [0x00000000d5580000, 0x00000000d5900000, 0x0000000100000000)
  eden space 2048K, 0% used [0x00000000d5580000,0x00000000d5580000,0x00000000d5780000)
  from space 512K, 91% used [0x00000000d5800000,0x00000000d58755e8,0x00000000d5880000)
  to   space 512K, 0% used [0x00000000d5880000,0x00000000d5880000,0x00000000d5900000)
 ParOldGen       total 324608K, used 324458K [0x0000000080000000, 0x0000000093d00000, 0x00000000d5580000)
  object space 324608K, 99% used [0x0000000080000000,0x0000000093cda988,0x0000000093d00000)
 Metaspace       used 63659K, committed 65088K, reserved 1114112K
  class space    used 6666K, committed 7296K, reserved 1048576K
}
Event: 36.878 GC heap before
{Heap before GC invocations=567 (full 3):
 PSYoungGen      total 2560K, used 2517K [0x00000000d5580000, 0x00000000d5900000, 0x0000000100000000)
  eden space 2048K, 100% used [0x00000000d5580000,0x00000000d5780000,0x00000000d5780000)
  from space 512K, 91% used [0x00000000d5800000,0x00000000d58755e8,0x00000000d5880000)
  to   space 512K, 0% used [0x00000000d5880000,0x00000000d5880000,0x00000000d5900000)
 ParOldGen       total 324608K, used 324458K [0x0000000080000000, 0x0000000093d00000, 0x00000000d5580000)
  object space 324608K, 99% used [0x0000000080000000,0x0000000093cda988,0x0000000093d00000)
 Metaspace       used 63659K, committed 65088K, reserved 1114112K
  class space    used 6666K, committed 7296K, reserved 1048576K
}
Event: 36.880 GC heap after
{Heap after GC invocations=567 (full 3):
 PSYoungGen      total 2560K, used 448K [0x00000000d5580000, 0x00000000d5900000, 0x0000000100000000)
  eden space 2048K, 0% used [0x00000000d5580000,0x00000000d5580000,0x00000000d5780000)
  from space 512K, 87% used [0x00000000d5880000,0x00000000d58f0000,0x00000000d5900000)
  to   space 512K, 0% used [0x00000000d5800000,0x00000000d5800000,0x00000000d5880000)
 ParOldGen       total 325120K, used 324849K [0x0000000080000000, 0x0000000093d80000, 0x00000000d5580000)
  object space 325120K, 99% used [0x0000000080000000,0x0000000093d3c728,0x0000000093d80000)
 Metaspace       used 63659K, committed 65088K, reserved 1114112K
  class space    used 6666K, committed 7296K, reserved 1048576K
}
Event: 36.893 GC heap before
{Heap before GC invocations=568 (full 3):
 PSYoungGen      total 2560K, used 2496K [0x00000000d5580000, 0x00000000d5900000, 0x0000000100000000)
  eden space 2048K, 100% used [0x00000000d5580000,0x00000000d5780000,0x00000000d5780000)
  from space 512K, 87% used [0x00000000d5880000,0x00000000d58f0000,0x00000000d5900000)
  to   space 512K, 0% used [0x00000000d5800000,0x00000000d5800000,0x00000000d5880000)
 ParOldGen       total 325120K, used 324849K [0x0000000080000000, 0x0000000093d80000, 0x00000000d5580000)
  object space 325120K, 99% used [0x0000000080000000,0x0000000093d3c728,0x0000000093d80000)
 Metaspace       used 63662K, committed 65088K, reserved 1114112K
  class space    used 6666K, committed 7296K, reserved 1048576K
}
Event: 36.895 GC heap after
{Heap after GC invocations=568 (full 3):
 PSYoungGen      total 2560K, used 496K [0x00000000d5580000, 0x00000000d5980000, 0x0000000100000000)
  eden space 2048K, 0% used [0x00000000d5580000,0x00000000d5580000,0x00000000d5780000)
  from space 512K, 96% used [0x00000000d5800000,0x00000000d587c288,0x00000000d5880000)
  to   space 1024K, 0% used [0x00000000d5880000,0x00000000d5880000,0x00000000d5980000)
 ParOldGen       total 325632K, used 325237K [0x0000000080000000, 0x0000000093e00000, 0x00000000d5580000)
  object space 325632K, 99% used [0x0000000080000000,0x0000000093d9d4a8,0x0000000093e00000)
 Metaspace       used 63662K, committed 65088K, reserved 1114112K
  class space    used 6666K, committed 7296K, reserved 1048576K
}
Event: 36.907 GC heap before
{Heap before GC invocations=569 (full 3):
 PSYoungGen      total 2560K, used 2544K [0x00000000d5580000, 0x00000000d5980000, 0x0000000100000000)
  eden space 2048K, 100% used [0x00000000d5580000,0x00000000d5780000,0x00000000d5780000)
  from space 512K, 96% used [0x00000000d5800000,0x00000000d587c288,0x00000000d5880000)
  to   space 1024K, 0% used [0x00000000d5880000,0x00000000d5880000,0x00000000d5980000)
 ParOldGen       total 325632K, used 325237K [0x0000000080000000, 0x0000000093e00000, 0x00000000d5580000)
  object space 325632K, 99% used [0x0000000080000000,0x0000000093d9d4a8,0x0000000093e00000)
 Metaspace       used 63671K, committed 65088K, reserved 1114112K
  class space    used 6666K, committed 7296K, reserved 1048576K
}
Event: 36.910 GC heap after
{Heap after GC invocations=569 (full 3):
 PSYoungGen      total 3072K, used 576K [0x00000000d5580000, 0x00000000d5980000, 0x0000000100000000)
  eden space 2048K, 0% used [0x00000000d5580000,0x00000000d5580000,0x00000000d5780000)
  from space 1024K, 56% used [0x00000000d5880000,0x00000000d5910000,0x00000000d5980000)
  to   space 1024K, 0% used [0x00000000d5780000,0x00000000d5780000,0x00000000d5880000)
 ParOldGen       total 326144K, used 325658K [0x0000000080000000, 0x0000000093e80000, 0x00000000d5580000)
  object space 326144K, 99% used [0x0000000080000000,0x0000000093e06978,0x0000000093e80000)
 Metaspace       used 63671K, committed 65088K, reserved 1114112K
  class space    used 6666K, committed 7296K, reserved 1048576K
}
Event: 36.926 GC heap before
{Heap before GC invocations=570 (full 3):
 PSYoungGen      total 3072K, used 2624K [0x00000000d5580000, 0x00000000d5980000, 0x0000000100000000)
  eden space 2048K, 100% used [0x00000000d5580000,0x00000000d5780000,0x00000000d5780000)
  from space 1024K, 56% used [0x00000000d5880000,0x00000000d5910000,0x00000000d5980000)
  to   space 1024K, 0% used [0x00000000d5780000,0x00000000d5780000,0x00000000d5880000)
 ParOldGen       total 326144K, used 325658K [0x0000000080000000, 0x0000000093e80000, 0x00000000d5580000)
  object space 326144K, 99% used [0x0000000080000000,0x0000000093e06978,0x0000000093e80000)
 Metaspace       used 63671K, committed 65088K, reserved 1114112K
  class space    used 6666K, committed 7296K, reserved 1048576K
}
Event: 36.928 GC heap after
{Heap after GC invocations=570 (full 3):
 PSYoungGen      total 3072K, used 434K [0x00000000d5580000, 0x00000000d5900000, 0x0000000100000000)
  eden space 2048K, 0% used [0x00000000d5580000,0x00000000d5580000,0x00000000d5780000)
  from space 1024K, 42% used [0x00000000d5780000,0x00000000d57ec940,0x00000000d5880000)
  to   space 512K, 0% used [0x00000000d5880000,0x00000000d5880000,0x00000000d5900000)
 ParOldGen       total 326144K, used 326135K [0x0000000080000000, 0x0000000093e80000, 0x00000000d5580000)
  object space 326144K, 99% used [0x0000000080000000,0x0000000093e7df58,0x0000000093e80000)
 Metaspace       used 63671K, committed 65088K, reserved 1114112K
  class space    used 6666K, committed 7296K, reserved 1048576K
}
Event: 36.953 GC heap before
{Heap before GC invocations=571 (full 3):
 PSYoungGen      total 3072K, used 2482K [0x00000000d5580000, 0x00000000d5900000, 0x0000000100000000)
  eden space 2048K, 100% used [0x00000000d5580000,0x00000000d5780000,0x00000000d5780000)
  from space 1024K, 42% used [0x00000000d5780000,0x00000000d57ec940,0x00000000d5880000)
  to   space 512K, 0% used [0x00000000d5880000,0x00000000d5880000,0x00000000d5900000)
 ParOldGen       total 326144K, used 326135K [0x0000000080000000, 0x0000000093e80000, 0x00000000d5580000)
  object space 326144K, 99% used [0x0000000080000000,0x0000000093e7df58,0x0000000093e80000)
 Metaspace       used 63671K, committed 65088K, reserved 1114112K
  class space    used 6666K, committed 7296K, reserved 1048576K
}
Event: 36.956 GC heap after
{Heap after GC invocations=571 (full 3):
 PSYoungGen      total 2560K, used 454K [0x00000000d5580000, 0x00000000d5900000, 0x0000000100000000)
  eden space 2048K, 0% used [0x00000000d5580000,0x00000000d5580000,0x00000000d5780000)
  from space 512K, 88% used [0x00000000d5880000,0x00000000d58f1888,0x00000000d5900000)
  to   space 512K, 0% used [0x00000000d5800000,0x00000000d5800000,0x00000000d5880000)
 ParOldGen       total 326656K, used 326503K [0x0000000080000000, 0x0000000093f00000, 0x00000000d5580000)
  object space 326656K, 99% used [0x0000000080000000,0x0000000093ed9fc8,0x0000000093f00000)
 Metaspace       used 63671K, committed 65088K, reserved 1114112K
  class space    used 6666K, committed 7296K, reserved 1048576K
}
Event: 36.978 GC heap before
{Heap before GC invocations=572 (full 3):
 PSYoungGen      total 2560K, used 2483K [0x00000000d5580000, 0x00000000d5900000, 0x0000000100000000)
  eden space 2048K, 99% used [0x00000000d5580000,0x00000000d577b5f8,0x00000000d5780000)
  from space 512K, 88% used [0x00000000d5880000,0x00000000d58f1888,0x00000000d5900000)
  to   space 512K, 0% used [0x00000000d5800000,0x00000000d5800000,0x00000000d5880000)
 ParOldGen       total 326656K, used 326503K [0x0000000080000000, 0x0000000093f00000, 0x00000000d5580000)
  object space 326656K, 99% used [0x0000000080000000,0x0000000093ed9fc8,0x0000000093f00000)
 Metaspace       used 63671K, committed 65088K, reserved 1114112K
  class space    used 6666K, committed 7296K, reserved 1048576K
}
Event: 36.980 GC heap after
{Heap after GC invocations=572 (full 3):
 PSYoungGen      total 2560K, used 419K [0x00000000d5580000, 0x00000000d5900000, 0x0000000100000000)
  eden space 2048K, 0% used [0x00000000d5580000,0x00000000d5580000,0x00000000d5780000)
  from space 512K, 81% used [0x00000000d5800000,0x00000000d5868d80,0x00000000d5880000)
  to   space 512K, 0% used [0x00000000d5880000,0x00000000d5880000,0x00000000d5900000)
 ParOldGen       total 327168K, used 326834K [0x0000000080000000, 0x0000000093f80000, 0x00000000d5580000)
  object space 327168K, 99% used [0x0000000080000000,0x0000000093f2ca08,0x0000000093f80000)
 Metaspace       used 63671K, committed 65088K, reserved 1114112K
  class space    used 6666K, committed 7296K, reserved 1048576K
}
Event: 37.006 GC heap before
{Heap before GC invocations=573 (full 3):
 PSYoungGen      total 2560K, used 2467K [0x00000000d5580000, 0x00000000d5900000, 0x0000000100000000)
  eden space 2048K, 100% used [0x00000000d5580000,0x00000000d5780000,0x00000000d5780000)
  from space 512K, 81% used [0x00000000d5800000,0x00000000d5868d80,0x00000000d5880000)
  to   space 512K, 0% used [0x00000000d5880000,0x00000000d5880000,0x00000000d5900000)
 ParOldGen       total 327168K, used 326834K [0x0000000080000000, 0x0000000093f80000, 0x00000000d5580000)
  object space 327168K, 99% used [0x0000000080000000,0x0000000093f2ca08,0x0000000093f80000)
 Metaspace       used 63671K, committed 65088K, reserved 1114112K
  class space    used 6666K, committed 7296K, reserved 1048576K
}
Event: 37.009 GC heap after
{Heap after GC invocations=573 (full 3):
 PSYoungGen      total 2560K, used 483K [0x00000000d5580000, 0x00000000d5980000, 0x0000000100000000)
  eden space 2048K, 0% used [0x00000000d5580000,0x00000000d5580000,0x00000000d5780000)
  from space 512K, 94% used [0x00000000d5880000,0x00000000d58f8d80,0x00000000d5900000)
  to   space 1024K, 0% used [0x00000000d5780000,0x00000000d5780000,0x00000000d5880000)
 ParOldGen       total 327168K, used 327148K [0x0000000080000000, 0x0000000093f80000, 0x00000000d5580000)
  object space 327168K, 99% used [0x0000000080000000,0x0000000093f7b128,0x0000000093f80000)
 Metaspace       used 63671K, committed 65088K, reserved 1114112K
  class space    used 6666K, committed 7296K, reserved 1048576K
}
Event: 37.028 GC heap before
{Heap before GC invocations=574 (full 3):
 PSYoungGen      total 2560K, used 2531K [0x00000000d5580000, 0x00000000d5980000, 0x0000000100000000)
  eden space 2048K, 100% used [0x00000000d5580000,0x00000000d5780000,0x00000000d5780000)
  from space 512K, 94% used [0x00000000d5880000,0x00000000d58f8d80,0x00000000d5900000)
  to   space 1024K, 0% used [0x00000000d5780000,0x00000000d5780000,0x00000000d5880000)
 ParOldGen       total 327168K, used 327148K [0x0000000080000000, 0x0000000093f80000, 0x00000000d5580000)
  object space 327168K, 99% used [0x0000000080000000,0x0000000093f7b128,0x0000000093f80000)
 Metaspace       used 63671K, committed 65088K, reserved 1114112K
  class space    used 6666K, committed 7296K, reserved 1048576K
}
Event: 37.030 GC heap after
{Heap after GC invocations=574 (full 3):
 PSYoungGen      total 3072K, used 416K [0x00000000d5580000, 0x00000000d5980000, 0x0000000100000000)
  eden space 2048K, 0% used [0x00000000d5580000,0x00000000d5580000,0x00000000d5780000)
  from space 1024K, 40% used [0x00000000d5780000,0x00000000d57e8000,0x00000000d5880000)
  to   space 1024K, 0% used [0x00000000d5880000,0x00000000d5880000,0x00000000d5980000)
 ParOldGen       total 327680K, used 327542K [0x0000000080000000, 0x0000000094000000, 0x00000000d5580000)
  object space 327680K, 99% used [0x0000000080000000,0x0000000093fddb88,0x0000000094000000)
 Metaspace       used 63671K, committed 65088K, reserved 1114112K
  class space    used 6666K, committed 7296K, reserved 1048576K
}
Event: 37.101 GC heap before
{Heap before GC invocations=575 (full 3):
 PSYoungGen      total 3072K, used 2464K [0x00000000d5580000, 0x00000000d5980000, 0x0000000100000000)
  eden space 2048K, 100% used [0x00000000d5580000,0x00000000d5780000,0x00000000d5780000)
  from space 1024K, 40% used [0x00000000d5780000,0x00000000d57e8000,0x00000000d5880000)
  to   space 1024K, 0% used [0x00000000d5880000,0x00000000d5880000,0x00000000d5980000)
 ParOldGen       total 327680K, used 327542K [0x0000000080000000, 0x0000000094000000, 0x00000000d5580000)
  object space 327680K, 99% used [0x0000000080000000,0x0000000093fddb88,0x0000000094000000)
 Metaspace       used 63671K, committed 65088K, reserved 1114112K
  class space    used 6666K, committed 7296K, reserved 1048576K
}

