# JRE version: OpenJDK Runtime Environment Temurin-21.0.8+9 (21.0.8+9) (build 21.0.8+9-LTS)
# Java VM: OpenJDK 64-Bit Server VM Temurin-21.0.8+9 (21.0.8+9-LTS, mixed mode, sharing, tiered, compressed oops, compressed class ptrs, parallel gc, windows-amd64)
GC Precious Log:
 CardTable entry size: 512
 CPUs: 8 total, 8 available
 Memory: 7930M
 Large Page Support: Disabled
 NUMA Support: Disabled
 Compressed Oops: Enabled (32-bit)
 Alignments: Space 512K, Generation 512K, Heap 2M
 Heap Min Capacity: 100M
 Heap Initial Capacity: 100M
 Heap Max Capacity: 2G
 Pre-touch: Disabled
 Parallel Workers: 8
Heap:
 PSYoungGen      total 22016K, used 3429K [0x00000000d5580000, 0x00000000d6e00000, 0x0000000100000000)
  eden space 21504K, 13% used [0x00000000d5580000,0x00000000d5861700,0x00000000d6a80000)
  from space 512K, 93% used [0x00000000d6b00000,0x00000000d6b78000,0x00000000d6b80000)
  to   space 1536K, 0% used [0x00000000d6c80000,0x00000000d6c80000,0x00000000d6e00000)
 ParOldGen       total 68608K, used 43448K [0x0000000080000000, 0x0000000084300000, 0x00000000d5580000)
  object space 68608K, 63% used [0x0000000080000000,0x0000000082a6e368,0x0000000084300000)
 Metaspace       used 44281K, committed 45312K, reserved 1114112K
  class space    used 4432K, committed 4928K, reserved 1048576K
GC Heap History (20 events):
Event: 26.064 GC heap before
{Heap before GC invocations=19 (full 1):
 PSYoungGen      total 24576K, used 24384K [0x00000000d5580000, 0x00000000d7000000, 0x0000000100000000)
  eden space 22016K, 100% used [0x00000000d5580000,0x00000000d6b00000,0x00000000d6b00000)
  from space 2560K, 92% used [0x00000000d6b00000,0x00000000d6d50010,0x00000000d6d80000)
  to   space 2560K, 0% used [0x00000000d6d80000,0x00000000d6d80000,0x00000000d7000000)
 ParOldGen       total 68608K, used 34419K [0x0000000080000000, 0x0000000084300000, 0x00000000d5580000)
  object space 68608K, 50% used [0x0000000080000000,0x000000008219cc10,0x0000000084300000)
 Metaspace       used 32605K, committed 33664K, reserved 1114112K
  class space    used 3310K, committed 3776K, reserved 1048576K
}
Event: 26.069 GC heap after
{Heap after GC invocations=19 (full 1):
 PSYoungGen      total 24576K, used 2176K [0x00000000d5580000, 0x00000000d7000000, 0x0000000100000000)
  eden space 22016K, 0% used [0x00000000d5580000,0x00000000d5580000,0x00000000d6b00000)
  from space 2560K, 85% used [0x00000000d6d80000,0x00000000d6fa0000,0x00000000d7000000)
  to   space 2560K, 0% used [0x00000000d6b00000,0x00000000d6b00000,0x00000000d6d80000)
 ParOldGen       total 68608K, used 36675K [0x0000000080000000, 0x0000000084300000, 0x00000000d5580000)
  object space 68608K, 53% used [0x0000000080000000,0x00000000823d0c20,0x0000000084300000)
 Metaspace       used 32605K, committed 33664K, reserved 1114112K
  class space    used 3310K, committed 3776K, reserved 1048576K
}
Event: 26.366 GC heap before
{Heap before GC invocations=20 (full 1):
 PSYoungGen      total 24576K, used 24182K [0x00000000d5580000, 0x00000000d7000000, 0x0000000100000000)
  eden space 22016K, 99% used [0x00000000d5580000,0x00000000d6afda10,0x00000000d6b00000)
  from space 2560K, 85% used [0x00000000d6d80000,0x00000000d6fa0000,0x00000000d7000000)
  to   space 2560K, 0% used [0x00000000d6b00000,0x00000000d6b00000,0x00000000d6d80000)
 ParOldGen       total 68608K, used 36675K [0x0000000080000000, 0x0000000084300000, 0x00000000d5580000)
  object space 68608K, 53% used [0x0000000080000000,0x00000000823d0c20,0x0000000084300000)
 Metaspace       used 33287K, committed 34304K, reserved 1114112K
  class space    used 3417K, committed 3904K, reserved 1048576K
}
Event: 26.370 GC heap after
{Heap after GC invocations=20 (full 1):
 PSYoungGen      total 24064K, used 1664K [0x00000000d5580000, 0x00000000d6f00000, 0x0000000100000000)
  eden space 22016K, 0% used [0x00000000d5580000,0x00000000d5580000,0x00000000d6b00000)
  from space 2048K, 81% used [0x00000000d6b00000,0x00000000d6ca0000,0x00000000d6d00000)
  to   space 2048K, 0% used [0x00000000d6d00000,0x00000000d6d00000,0x00000000d6f00000)
 ParOldGen       total 68608K, used 38755K [0x0000000080000000, 0x0000000084300000, 0x00000000d5580000)
  object space 68608K, 56% used [0x0000000080000000,0x00000000825d8e20,0x0000000084300000)
 Metaspace       used 33287K, committed 34304K, reserved 1114112K
  class space    used 3417K, committed 3904K, reserved 1048576K
}
Event: 27.174 GC heap before
{Heap before GC invocations=21 (full 1):
 PSYoungGen      total 24064K, used 10464K [0x00000000d5580000, 0x00000000d6f00000, 0x0000000100000000)
  eden space 22016K, 39% used [0x00000000d5580000,0x00000000d5e18390,0x00000000d6b00000)
  from space 2048K, 81% used [0x00000000d6b00000,0x00000000d6ca0000,0x00000000d6d00000)
  to   space 2048K, 0% used [0x00000000d6d00000,0x00000000d6d00000,0x00000000d6f00000)
 ParOldGen       total 68608K, used 38755K [0x0000000080000000, 0x0000000084300000, 0x00000000d5580000)
  object space 68608K, 56% used [0x0000000080000000,0x00000000825d8e20,0x0000000084300000)
 Metaspace       used 34787K, committed 35840K, reserved 1114112K
  class space    used 3539K, committed 4032K, reserved 1048576K
}
Event: 27.178 GC heap after
{Heap after GC invocations=21 (full 1):
 PSYoungGen      total 23040K, used 692K [0x00000000d5580000, 0x00000000d6e00000, 0x0000000100000000)
  eden space 22016K, 0% used [0x00000000d5580000,0x00000000d5580000,0x00000000d6b00000)
  from space 1024K, 67% used [0x00000000d6d00000,0x00000000d6dad3d8,0x00000000d6e00000)
  to   space 1536K, 0% used [0x00000000d6b00000,0x00000000d6b00000,0x00000000d6c80000)
 ParOldGen       total 68608K, used 40297K [0x0000000080000000, 0x0000000084300000, 0x00000000d5580000)
  object space 68608K, 58% used [0x0000000080000000,0x000000008275a538,0x0000000084300000)
 Metaspace       used 34787K, committed 35840K, reserved 1114112K
  class space    used 3539K, committed 4032K, reserved 1048576K
}
Event: 27.178 GC heap before
{Heap before GC invocations=22 (full 2):
 PSYoungGen      total 23040K, used 692K [0x00000000d5580000, 0x00000000d6e00000, 0x0000000100000000)
  eden space 22016K, 0% used [0x00000000d5580000,0x00000000d5580000,0x00000000d6b00000)
  from space 1024K, 67% used [0x00000000d6d00000,0x00000000d6dad3d8,0x00000000d6e00000)
  to   space 1536K, 0% used [0x00000000d6b00000,0x00000000d6b00000,0x00000000d6c80000)
 ParOldGen       total 68608K, used 40297K [0x0000000080000000, 0x0000000084300000, 0x00000000d5580000)
  object space 68608K, 58% used [0x0000000080000000,0x000000008275a538,0x0000000084300000)
 Metaspace       used 34787K, committed 35840K, reserved 1114112K
  class space    used 3539K, committed 4032K, reserved 1048576K
}
Event: 27.278 GC heap after
{Heap after GC invocations=22 (full 2):
 PSYoungGen      total 23040K, used 0K [0x00000000d5580000, 0x00000000d6e00000, 0x0000000100000000)
  eden space 22016K, 0% used [0x00000000d5580000,0x00000000d5580000,0x00000000d6b00000)
  from space 1024K, 0% used [0x00000000d6d00000,0x00000000d6d00000,0x00000000d6e00000)
  to   space 1536K, 0% used [0x00000000d6b00000,0x00000000d6b00000,0x00000000d6c80000)
 ParOldGen       total 68608K, used 38331K [0x0000000080000000, 0x0000000084300000, 0x00000000d5580000)
  object space 68608K, 55% used [0x0000000080000000,0x000000008256ef40,0x0000000084300000)
 Metaspace       used 34662K, committed 35840K, reserved 1114112K
  class space    used 3504K, committed 4032K, reserved 1048576K
}
Event: 28.805 GC heap before
{Heap before GC invocations=23 (full 2):
 PSYoungGen      total 23040K, used 22016K [0x00000000d5580000, 0x00000000d6e00000, 0x0000000100000000)
  eden space 22016K, 100% used [0x00000000d5580000,0x00000000d6b00000,0x00000000d6b00000)
  from space 1024K, 0% used [0x00000000d6d00000,0x00000000d6d00000,0x00000000d6e00000)
  to   space 1536K, 0% used [0x00000000d6b00000,0x00000000d6b00000,0x00000000d6c80000)
 ParOldGen       total 68608K, used 38331K [0x0000000080000000, 0x0000000084300000, 0x00000000d5580000)
  object space 68608K, 55% used [0x0000000080000000,0x000000008256ef40,0x0000000084300000)
 Metaspace       used 35575K, committed 36480K, reserved 1114112K
  class space    used 3636K, committed 4032K, reserved 1048576K
}
Event: 28.807 GC heap after
{Heap after GC invocations=23 (full 2):
 PSYoungGen      total 23552K, used 480K [0x00000000d5580000, 0x00000000d6d80000, 0x0000000100000000)
  eden space 22016K, 0% used [0x00000000d5580000,0x00000000d5580000,0x00000000d6b00000)
  from space 1536K, 31% used [0x00000000d6b00000,0x00000000d6b78010,0x00000000d6c80000)
  to   space 1024K, 0% used [0x00000000d6c80000,0x00000000d6c80000,0x00000000d6d80000)
 ParOldGen       total 68608K, used 38339K [0x0000000080000000, 0x0000000084300000, 0x00000000d5580000)
  object space 68608K, 55% used [0x0000000080000000,0x0000000082570f40,0x0000000084300000)
 Metaspace       used 35575K, committed 36480K, reserved 1114112K
  class space    used 3636K, committed 4032K, reserved 1048576K
}
Event: 29.212 GC heap before
{Heap before GC invocations=24 (full 2):
 PSYoungGen      total 23552K, used 22496K [0x00000000d5580000, 0x00000000d6d80000, 0x0000000100000000)
  eden space 22016K, 100% used [0x00000000d5580000,0x00000000d6b00000,0x00000000d6b00000)
  from space 1536K, 31% used [0x00000000d6b00000,0x00000000d6b78010,0x00000000d6c80000)
  to   space 1024K, 0% used [0x00000000d6c80000,0x00000000d6c80000,0x00000000d6d80000)
 ParOldGen       total 68608K, used 38339K [0x0000000080000000, 0x0000000084300000, 0x00000000d5580000)
  object space 68608K, 55% used [0x0000000080000000,0x0000000082570f40,0x0000000084300000)
 Metaspace       used 36651K, committed 37696K, reserved 1114112K
  class space    used 3731K, committed 4160K, reserved 1048576K
}
Event: 29.215 GC heap after
{Heap after GC invocations=24 (full 2):
 PSYoungGen      total 22528K, used 1021K [0x00000000d5580000, 0x00000000d6f00000, 0x0000000100000000)
  eden space 21504K, 0% used [0x00000000d5580000,0x00000000d5580000,0x00000000d6a80000)
  from space 1024K, 99% used [0x00000000d6c80000,0x00000000d6d7f7e8,0x00000000d6d80000)
  to   space 2048K, 0% used [0x00000000d6a80000,0x00000000d6a80000,0x00000000d6c80000)
 ParOldGen       total 68608K, used 39101K [0x0000000080000000, 0x0000000084300000, 0x00000000d5580000)
  object space 68608K, 56% used [0x0000000080000000,0x000000008262f7a0,0x0000000084300000)
 Metaspace       used 36651K, committed 37696K, reserved 1114112K
  class space    used 3731K, committed 4160K, reserved 1048576K
}
Event: 29.347 GC heap before
{Heap before GC invocations=25 (full 2):
 PSYoungGen      total 22528K, used 22525K [0x00000000d5580000, 0x00000000d6f00000, 0x0000000100000000)
  eden space 21504K, 100% used [0x00000000d5580000,0x00000000d6a80000,0x00000000d6a80000)
  from space 1024K, 99% used [0x00000000d6c80000,0x00000000d6d7f7e8,0x00000000d6d80000)
  to   space 2048K, 0% used [0x00000000d6a80000,0x00000000d6a80000,0x00000000d6c80000)
 ParOldGen       total 68608K, used 39101K [0x0000000080000000, 0x0000000084300000, 0x00000000d5580000)
  object space 68608K, 56% used [0x0000000080000000,0x000000008262f7a0,0x0000000084300000)
 Metaspace       used 36667K, committed 37696K, reserved 1114112K
  class space    used 3731K, committed 4160K, reserved 1048576K
}
Event: 29.349 GC heap after
{Heap after GC invocations=25 (full 2):
 PSYoungGen      total 23040K, used 1164K [0x00000000d5580000, 0x00000000d6d80000, 0x0000000100000000)
  eden space 21504K, 0% used [0x00000000d5580000,0x00000000d5580000,0x00000000d6a80000)
  from space 1536K, 75% used [0x00000000d6a80000,0x00000000d6ba30e0,0x00000000d6c00000)
  to   space 1536K, 0% used [0x00000000d6c00000,0x00000000d6c00000,0x00000000d6d80000)
 ParOldGen       total 68608K, used 39810K [0x0000000080000000, 0x0000000084300000, 0x00000000d5580000)
  object space 68608K, 58% used [0x0000000080000000,0x00000000826e0b10,0x0000000084300000)
 Metaspace       used 36667K, committed 37696K, reserved 1114112K
  class space    used 3731K, committed 4160K, reserved 1048576K
}
Event: 30.391 GC heap before
{Heap before GC invocations=26 (full 2):
 PSYoungGen      total 23040K, used 22668K [0x00000000d5580000, 0x00000000d6d80000, 0x0000000100000000)
  eden space 21504K, 100% used [0x00000000d5580000,0x00000000d6a80000,0x00000000d6a80000)
  from space 1536K, 75% used [0x00000000d6a80000,0x00000000d6ba30e0,0x00000000d6c00000)
  to   space 1536K, 0% used [0x00000000d6c00000,0x00000000d6c00000,0x00000000d6d80000)
 ParOldGen       total 68608K, used 39810K [0x0000000080000000, 0x0000000084300000, 0x00000000d5580000)
  object space 68608K, 58% used [0x0000000080000000,0x00000000826e0b10,0x0000000084300000)
 Metaspace       used 39031K, committed 40064K, reserved 1114112K
  class space    used 3979K, committed 4416K, reserved 1048576K
}
Event: 30.392 GC heap after
{Heap after GC invocations=26 (full 2):
 PSYoungGen      total 22528K, used 640K [0x00000000d5580000, 0x00000000d6d00000, 0x0000000100000000)
  eden space 21504K, 0% used [0x00000000d5580000,0x00000000d5580000,0x00000000d6a80000)
  from space 1024K, 62% used [0x00000000d6c00000,0x00000000d6ca0000,0x00000000d6d00000)
  to   space 1024K, 0% used [0x00000000d6b00000,0x00000000d6b00000,0x00000000d6c00000)
 ParOldGen       total 68608K, used 39842K [0x0000000080000000, 0x0000000084300000, 0x00000000d5580000)
  object space 68608K, 58% used [0x0000000080000000,0x00000000826e8b10,0x0000000084300000)
 Metaspace       used 39031K, committed 40064K, reserved 1114112K
  class space    used 3979K, committed 4416K, reserved 1048576K
}
Event: 32.229 GC heap before
{Heap before GC invocations=27 (full 2):
 PSYoungGen      total 22528K, used 22144K [0x00000000d5580000, 0x00000000d6d00000, 0x0000000100000000)
  eden space 21504K, 100% used [0x00000000d5580000,0x00000000d6a80000,0x00000000d6a80000)
  from space 1024K, 62% used [0x00000000d6c00000,0x00000000d6ca0000,0x00000000d6d00000)
  to   space 1024K, 0% used [0x00000000d6b00000,0x00000000d6b00000,0x00000000d6c00000)
 ParOldGen       total 68608K, used 39842K [0x0000000080000000, 0x0000000084300000, 0x00000000d5580000)
  object space 68608K, 58% used [0x0000000080000000,0x00000000826e8b10,0x0000000084300000)
 Metaspace       used 41229K, committed 42240K, reserved 1114112K
  class space    used 4176K, committed 4608K, reserved 1048576K
}
Event: 32.235 GC heap after
{Heap after GC invocations=27 (full 2):
 PSYoungGen      total 22528K, used 1008K [0x00000000d5580000, 0x00000000d7080000, 0x0000000100000000)
  eden space 21504K, 0% used [0x00000000d5580000,0x00000000d5580000,0x00000000d6a80000)
  from space 1024K, 98% used [0x00000000d6b00000,0x00000000d6bfc028,0x00000000d6c00000)
  to   space 3072K, 0% used [0x00000000d6d80000,0x00000000d6d80000,0x00000000d7080000)
 ParOldGen       total 68608K, used 41277K [0x0000000080000000, 0x0000000084300000, 0x00000000d5580000)
  object space 68608K, 60% used [0x0000000080000000,0x000000008284f6d8,0x0000000084300000)
 Metaspace       used 41229K, committed 42240K, reserved 1114112K
  class space    used 4176K, committed 4608K, reserved 1048576K
}
Event: 33.590 GC heap before
{Heap before GC invocations=28 (full 2):
 PSYoungGen      total 22528K, used 22495K [0x00000000d5580000, 0x00000000d7080000, 0x0000000100000000)
  eden space 21504K, 99% used [0x00000000d5580000,0x00000000d6a7bed8,0x00000000d6a80000)
  from space 1024K, 98% used [0x00000000d6b00000,0x00000000d6bfc028,0x00000000d6c00000)
  to   space 3072K, 0% used [0x00000000d6d80000,0x00000000d6d80000,0x00000000d7080000)
 ParOldGen       total 68608K, used 41277K [0x0000000080000000, 0x0000000084300000, 0x00000000d5580000)
  object space 68608K, 60% used [0x0000000080000000,0x000000008284f6d8,0x0000000084300000)
 Metaspace       used 43251K, committed 44288K, reserved 1114112K
  class space    used 4359K, committed 4800K, reserved 1048576K
}
Event: 33.594 GC heap after
{Heap after GC invocations=28 (full 2):
 PSYoungGen      total 24064K, used 2211K [0x00000000d5580000, 0x00000000d7000000, 0x0000000100000000)
  eden space 21504K, 0% used [0x00000000d5580000,0x00000000d5580000,0x00000000d6a80000)
  from space 2560K, 86% used [0x00000000d6d80000,0x00000000d6fa8d38,0x00000000d7000000)
  to   space 2560K, 0% used [0x00000000d6b00000,0x00000000d6b00000,0x00000000d6d80000)
 ParOldGen       total 68608K, used 42210K [0x0000000080000000, 0x0000000084300000, 0x00000000d5580000)
  object space 68608K, 61% used [0x0000000080000000,0x00000000829388d0,0x0000000084300000)
 Metaspace       used 43251K, committed 44288K, reserved 1114112K
  class space    used 4359K, committed 4800K, reserved 1048576K
}

