# JRE version: OpenJDK Runtime Environment Temurin-21.0.8+9 (21.0.8+9) (build 21.0.8+9-LTS)
# Java VM: OpenJDK 64-Bit Server VM Temurin-21.0.8+9 (21.0.8+9-LTS, mixed mode, sharing, tiered, compressed oops, compressed class ptrs, parallel gc, windows-amd64)
GC Precious Log:
 CardTable entry size: 512
 CPUs: 8 total, 8 available
 Memory: 7930M
 Large Page Support: Disabled
 NUMA Support: Disabled
 Compressed Oops: Enabled (32-bit)
 Alignments: Space 512K, Generation 512K, Heap 2M
 Heap Min Capacity: 100M
 Heap Initial Capacity: 100M
 Heap Max Capacity: 2G
 Pre-touch: Disabled
 Parallel Workers: 8
Heap:
 PSYoungGen      total 5120K, used 2853K [0x00000000d5580000, 0x00000000d5d80000, 0x0000000100000000)
  eden space 4096K, 46% used [0x00000000d5580000,0x00000000d575d148,0x00000000d5980000)
  from space 1024K, 97% used [0x00000000d5980000,0x00000000d5a7a650,0x00000000d5a80000)
  to   space 1536K, 0% used [0x00000000d5c00000,0x00000000d5c00000,0x00000000d5d80000)
 ParOldGen       total 314880K, used 314443K [0x0000000080000000, 0x0000000093380000, 0x00000000d5580000)
  object space 314880K, 99% used [0x0000000080000000,0x0000000093312d78,0x0000000093380000)
 Metaspace       used 62394K, committed 63872K, reserved 1114112K
  class space    used 6555K, committed 7168K, reserved 1048576K
GC Heap History (20 events):
Event: 22.130 GC heap after
{Heap after GC invocations=528 (full 3):
 PSYoungGen      total 3584K, used 693K [0x00000000d5580000, 0x00000000d5a00000, 0x0000000100000000)
  eden space 2560K, 0% used [0x00000000d5580000,0x00000000d5580000,0x00000000d5800000)
  from space 1024K, 67% used [0x00000000d5800000,0x00000000d58ad698,0x00000000d5900000)
  to   space 1024K, 0% used [0x00000000d5900000,0x00000000d5900000,0x00000000d5a00000)
 ParOldGen       total 306688K, used 306341K [0x0000000080000000, 0x0000000092b80000, 0x00000000d5580000)
  object space 306688K, 99% used [0x0000000080000000,0x0000000092b29518,0x0000000092b80000)
 Metaspace       used 62218K, committed 63616K, reserved 1114112K
  class space    used 6527K, committed 7104K, reserved 1048576K
}
Event: 22.140 GC heap before
{Heap before GC invocations=529 (full 3):
 PSYoungGen      total 3584K, used 3253K [0x00000000d5580000, 0x00000000d5a00000, 0x0000000100000000)
  eden space 2560K, 100% used [0x00000000d5580000,0x00000000d5800000,0x00000000d5800000)
  from space 1024K, 67% used [0x00000000d5800000,0x00000000d58ad698,0x00000000d5900000)
  to   space 1024K, 0% used [0x00000000d5900000,0x00000000d5900000,0x00000000d5a00000)
 ParOldGen       total 306688K, used 306341K [0x0000000080000000, 0x0000000092b80000, 0x00000000d5580000)
  object space 306688K, 99% used [0x0000000080000000,0x0000000092b29518,0x0000000092b80000)
 Metaspace       used 62226K, committed 63680K, reserved 1114112K
  class space    used 6527K, committed 7104K, reserved 1048576K
}
Event: 22.144 GC heap after
{Heap after GC invocations=529 (full 3):
 PSYoungGen      total 3584K, used 781K [0x00000000d5580000, 0x00000000d5a00000, 0x0000000100000000)
  eden space 2560K, 0% used [0x00000000d5580000,0x00000000d5580000,0x00000000d5800000)
  from space 1024K, 76% used [0x00000000d5900000,0x00000000d59c3740,0x00000000d5a00000)
  to   space 1024K, 0% used [0x00000000d5800000,0x00000000d5800000,0x00000000d5900000)
 ParOldGen       total 307200K, used 306970K [0x0000000080000000, 0x0000000092c00000, 0x00000000d5580000)
  object space 307200K, 99% used [0x0000000080000000,0x0000000092bc69b0,0x0000000092c00000)
 Metaspace       used 62226K, committed 63680K, reserved 1114112K
  class space    used 6527K, committed 7104K, reserved 1048576K
}
Event: 22.153 GC heap before
{Heap before GC invocations=530 (full 3):
 PSYoungGen      total 3584K, used 3341K [0x00000000d5580000, 0x00000000d5a00000, 0x0000000100000000)
  eden space 2560K, 100% used [0x00000000d5580000,0x00000000d5800000,0x00000000d5800000)
  from space 1024K, 76% used [0x00000000d5900000,0x00000000d59c3740,0x00000000d5a00000)
  to   space 1024K, 0% used [0x00000000d5800000,0x00000000d5800000,0x00000000d5900000)
 ParOldGen       total 307200K, used 306970K [0x0000000080000000, 0x0000000092c00000, 0x00000000d5580000)
  object space 307200K, 99% used [0x0000000080000000,0x0000000092bc69b0,0x0000000092c00000)
 Metaspace       used 62228K, committed 63680K, reserved 1114112K
  class space    used 6528K, committed 7104K, reserved 1048576K
}
Event: 22.155 GC heap after
{Heap after GC invocations=530 (full 3):
 PSYoungGen      total 3584K, used 756K [0x00000000d5580000, 0x00000000d5a00000, 0x0000000100000000)
  eden space 2560K, 0% used [0x00000000d5580000,0x00000000d5580000,0x00000000d5800000)
  from space 1024K, 73% used [0x00000000d5800000,0x00000000d58bd308,0x00000000d5900000)
  to   space 1024K, 0% used [0x00000000d5900000,0x00000000d5900000,0x00000000d5a00000)
 ParOldGen       total 307712K, used 307623K [0x0000000080000000, 0x0000000092c80000, 0x00000000d5580000)
  object space 307712K, 99% used [0x0000000080000000,0x0000000092c69ce0,0x0000000092c80000)
 Metaspace       used 62228K, committed 63680K, reserved 1114112K
  class space    used 6528K, committed 7104K, reserved 1048576K
}
Event: 22.163 GC heap before
{Heap before GC invocations=531 (full 3):
 PSYoungGen      total 3584K, used 3316K [0x00000000d5580000, 0x00000000d5a00000, 0x0000000100000000)
  eden space 2560K, 100% used [0x00000000d5580000,0x00000000d5800000,0x00000000d5800000)
  from space 1024K, 73% used [0x00000000d5800000,0x00000000d58bd308,0x00000000d5900000)
  to   space 1024K, 0% used [0x00000000d5900000,0x00000000d5900000,0x00000000d5a00000)
 ParOldGen       total 307712K, used 307623K [0x0000000080000000, 0x0000000092c80000, 0x00000000d5580000)
  object space 307712K, 99% used [0x0000000080000000,0x0000000092c69ce0,0x0000000092c80000)
 Metaspace       used 62228K, committed 63680K, reserved 1114112K
  class space    used 6528K, committed 7104K, reserved 1048576K
}
Event: 22.164 GC heap after
{Heap after GC invocations=531 (full 3):
 PSYoungGen      total 3584K, used 718K [0x00000000d5580000, 0x00000000d5a00000, 0x0000000100000000)
  eden space 2560K, 0% used [0x00000000d5580000,0x00000000d5580000,0x00000000d5800000)
  from space 1024K, 70% used [0x00000000d5900000,0x00000000d59b3828,0x00000000d5a00000)
  to   space 1024K, 0% used [0x00000000d5800000,0x00000000d5800000,0x00000000d5900000)
 ParOldGen       total 308224K, used 308179K [0x0000000080000000, 0x0000000092d00000, 0x00000000d5580000)
  object space 308224K, 99% used [0x0000000080000000,0x0000000092cf4f38,0x0000000092d00000)
 Metaspace       used 62228K, committed 63680K, reserved 1114112K
  class space    used 6528K, committed 7104K, reserved 1048576K
}
Event: 22.170 GC heap before
{Heap before GC invocations=532 (full 3):
 PSYoungGen      total 3584K, used 3278K [0x00000000d5580000, 0x00000000d5a00000, 0x0000000100000000)
  eden space 2560K, 100% used [0x00000000d5580000,0x00000000d5800000,0x00000000d5800000)
  from space 1024K, 70% used [0x00000000d5900000,0x00000000d59b3828,0x00000000d5a00000)
  to   space 1024K, 0% used [0x00000000d5800000,0x00000000d5800000,0x00000000d5900000)
 ParOldGen       total 308224K, used 308179K [0x0000000080000000, 0x0000000092d00000, 0x00000000d5580000)
  object space 308224K, 99% used [0x0000000080000000,0x0000000092cf4f38,0x0000000092d00000)
 Metaspace       used 62245K, committed 63744K, reserved 1114112K
  class space    used 6532K, committed 7168K, reserved 1048576K
}
Event: 22.171 GC heap after
{Heap after GC invocations=532 (full 3):
 PSYoungGen      total 3584K, used 679K [0x00000000d5580000, 0x00000000d5a00000, 0x0000000100000000)
  eden space 2560K, 0% used [0x00000000d5580000,0x00000000d5580000,0x00000000d5800000)
  from space 1024K, 66% used [0x00000000d5800000,0x00000000d58a9eb0,0x00000000d5900000)
  to   space 1024K, 0% used [0x00000000d5900000,0x00000000d5900000,0x00000000d5a00000)
 ParOldGen       total 308736K, used 308659K [0x0000000080000000, 0x0000000092d80000, 0x00000000d5580000)
  object space 308736K, 99% used [0x0000000080000000,0x0000000092d6cd20,0x0000000092d80000)
 Metaspace       used 62245K, committed 63744K, reserved 1114112K
  class space    used 6532K, committed 7168K, reserved 1048576K
}
Event: 22.181 GC heap before
{Heap before GC invocations=533 (full 3):
 PSYoungGen      total 3584K, used 3234K [0x00000000d5580000, 0x00000000d5a00000, 0x0000000100000000)
  eden space 2560K, 99% used [0x00000000d5580000,0x00000000d57fe9a0,0x00000000d5800000)
  from space 1024K, 66% used [0x00000000d5800000,0x00000000d58a9eb0,0x00000000d5900000)
  to   space 1024K, 0% used [0x00000000d5900000,0x00000000d5900000,0x00000000d5a00000)
 ParOldGen       total 308736K, used 308659K [0x0000000080000000, 0x0000000092d80000, 0x00000000d5580000)
  object space 308736K, 99% used [0x0000000080000000,0x0000000092d6cd20,0x0000000092d80000)
 Metaspace       used 62288K, committed 63744K, reserved 1114112K
  class space    used 6535K, committed 7168K, reserved 1048576K
}
Event: 22.181 GC heap after
{Heap after GC invocations=533 (full 3):
 PSYoungGen      total 3584K, used 666K [0x00000000d5580000, 0x00000000d5a00000, 0x0000000100000000)
  eden space 2560K, 0% used [0x00000000d5580000,0x00000000d5580000,0x00000000d5800000)
  from space 1024K, 65% used [0x00000000d5900000,0x00000000d59a6828,0x00000000d5a00000)
  to   space 1024K, 0% used [0x00000000d5800000,0x00000000d5800000,0x00000000d5900000)
 ParOldGen       total 309248K, used 309193K [0x0000000080000000, 0x0000000092e00000, 0x00000000d5580000)
  object space 309248K, 99% used [0x0000000080000000,0x0000000092df2718,0x0000000092e00000)
 Metaspace       used 62288K, committed 63744K, reserved 1114112K
  class space    used 6535K, committed 7168K, reserved 1048576K
}
Event: 22.188 GC heap before
{Heap before GC invocations=534 (full 3):
 PSYoungGen      total 3584K, used 3226K [0x00000000d5580000, 0x00000000d5a00000, 0x0000000100000000)
  eden space 2560K, 100% used [0x00000000d5580000,0x00000000d5800000,0x00000000d5800000)
  from space 1024K, 65% used [0x00000000d5900000,0x00000000d59a6828,0x00000000d5a00000)
  to   space 1024K, 0% used [0x00000000d5800000,0x00000000d5800000,0x00000000d5900000)
 ParOldGen       total 309248K, used 309193K [0x0000000080000000, 0x0000000092e00000, 0x00000000d5580000)
  object space 309248K, 99% used [0x0000000080000000,0x0000000092df2718,0x0000000092e00000)
 Metaspace       used 62318K, committed 63808K, reserved 1114112K
  class space    used 6542K, committed 7168K, reserved 1048576K
}
Event: 22.189 GC heap after
{Heap after GC invocations=534 (full 3):
 PSYoungGen      total 3584K, used 718K [0x00000000d5580000, 0x00000000d5a00000, 0x0000000100000000)
  eden space 2560K, 0% used [0x00000000d5580000,0x00000000d5580000,0x00000000d5800000)
  from space 1024K, 70% used [0x00000000d5800000,0x00000000d58b3940,0x00000000d5900000)
  to   space 1024K, 0% used [0x00000000d5900000,0x00000000d5900000,0x00000000d5a00000)
 ParOldGen       total 309760K, used 309755K [0x0000000080000000, 0x0000000092e80000, 0x00000000d5580000)
  object space 309760K, 99% used [0x0000000080000000,0x0000000092e7eff0,0x0000000092e80000)
 Metaspace       used 62318K, committed 63808K, reserved 1114112K
  class space    used 6542K, committed 7168K, reserved 1048576K
}
Event: 22.199 GC heap before
{Heap before GC invocations=535 (full 3):
 PSYoungGen      total 3584K, used 3278K [0x00000000d5580000, 0x00000000d5a00000, 0x0000000100000000)
  eden space 2560K, 100% used [0x00000000d5580000,0x00000000d5800000,0x00000000d5800000)
  from space 1024K, 70% used [0x00000000d5800000,0x00000000d58b3940,0x00000000d5900000)
  to   space 1024K, 0% used [0x00000000d5900000,0x00000000d5900000,0x00000000d5a00000)
 ParOldGen       total 309760K, used 309755K [0x0000000080000000, 0x0000000092e80000, 0x00000000d5580000)
  object space 309760K, 99% used [0x0000000080000000,0x0000000092e7eff0,0x0000000092e80000)
 Metaspace       used 62371K, committed 63872K, reserved 1114112K
  class space    used 6553K, committed 7168K, reserved 1048576K
}
Event: 22.201 GC heap after
{Heap after GC invocations=535 (full 3):
 PSYoungGen      total 3584K, used 627K [0x00000000d5580000, 0x00000000d5a00000, 0x0000000100000000)
  eden space 2560K, 0% used [0x00000000d5580000,0x00000000d5580000,0x00000000d5800000)
  from space 1024K, 61% used [0x00000000d5900000,0x00000000d599cf48,0x00000000d5a00000)
  to   space 1024K, 0% used [0x00000000d5800000,0x00000000d5800000,0x00000000d5900000)
 ParOldGen       total 310784K, used 310389K [0x0000000080000000, 0x0000000092f80000, 0x00000000d5580000)
  object space 310784K, 99% used [0x0000000080000000,0x0000000092f1d510,0x0000000092f80000)
 Metaspace       used 62371K, committed 63872K, reserved 1114112K
  class space    used 6553K, committed 7168K, reserved 1048576K
}
Event: 23.238 GC heap before
{Heap before GC invocations=536 (full 3):
 PSYoungGen      total 3584K, used 3187K [0x00000000d5580000, 0x00000000d5a00000, 0x0000000100000000)
  eden space 2560K, 100% used [0x00000000d5580000,0x00000000d5800000,0x00000000d5800000)
  from space 1024K, 61% used [0x00000000d5900000,0x00000000d599cf48,0x00000000d5a00000)
  to   space 1024K, 0% used [0x00000000d5800000,0x00000000d5800000,0x00000000d5900000)
 ParOldGen       total 310784K, used 310389K [0x0000000080000000, 0x0000000092f80000, 0x00000000d5580000)
  object space 310784K, 99% used [0x0000000080000000,0x0000000092f1d510,0x0000000092f80000)
 Metaspace       used 62385K, committed 63872K, reserved 1114112K
  class space    used 6555K, committed 7168K, reserved 1048576K
}
Event: 23.240 GC heap after
{Heap after GC invocations=536 (full 3):
 PSYoungGen      total 3584K, used 746K [0x00000000d5580000, 0x00000000d5a00000, 0x0000000100000000)
  eden space 2560K, 0% used [0x00000000d5580000,0x00000000d5580000,0x00000000d5800000)
  from space 1024K, 72% used [0x00000000d5800000,0x00000000d58baaf8,0x00000000d5900000)
  to   space 1024K, 0% used [0x00000000d5900000,0x00000000d5900000,0x00000000d5a00000)
 ParOldGen       total 311296K, used 310927K [0x0000000080000000, 0x0000000093000000, 0x00000000d5580000)
  object space 311296K, 99% used [0x0000000080000000,0x0000000092fa3de0,0x0000000093000000)
 Metaspace       used 62385K, committed 63872K, reserved 1114112K
  class space    used 6555K, committed 7168K, reserved 1048576K
}
Event: 23.245 GC heap before
{Heap before GC invocations=537 (full 3):
 PSYoungGen      total 3584K, used 3306K [0x00000000d5580000, 0x00000000d5a00000, 0x0000000100000000)
  eden space 2560K, 100% used [0x00000000d5580000,0x00000000d5800000,0x00000000d5800000)
  from space 1024K, 72% used [0x00000000d5800000,0x00000000d58baaf8,0x00000000d5900000)
  to   space 1024K, 0% used [0x00000000d5900000,0x00000000d5900000,0x00000000d5a00000)
 ParOldGen       total 311296K, used 310927K [0x0000000080000000, 0x0000000093000000, 0x00000000d5580000)
  object space 311296K, 99% used [0x0000000080000000,0x0000000092fa3de0,0x0000000093000000)
 Metaspace       used 62385K, committed 63872K, reserved 1114112K
  class space    used 6555K, committed 7168K, reserved 1048576K
}
Event: 23.246 GC heap after
{Heap after GC invocations=537 (full 3):
 PSYoungGen      total 3584K, used 790K [0x00000000d5580000, 0x00000000d5a00000, 0x0000000100000000)
  eden space 2560K, 0% used [0x00000000d5580000,0x00000000d5580000,0x00000000d5800000)
  from space 1024K, 77% used [0x00000000d5900000,0x00000000d59c5a18,0x00000000d5a00000)
  to   space 1024K, 0% used [0x00000000d5800000,0x00000000d5800000,0x00000000d5900000)
 ParOldGen       total 311808K, used 311601K [0x0000000080000000, 0x0000000093080000, 0x00000000d5580000)
  object space 311808K, 99% used [0x0000000080000000,0x000000009304c410,0x0000000093080000)
 Metaspace       used 62385K, committed 63872K, reserved 1114112K
  class space    used 6555K, committed 7168K, reserved 1048576K
}
Event: 23.251 GC heap before
{Heap before GC invocations=538 (full 3):
 PSYoungGen      total 3584K, used 3350K [0x00000000d5580000, 0x00000000d5a00000, 0x0000000100000000)
  eden space 2560K, 100% used [0x00000000d5580000,0x00000000d5800000,0x00000000d5800000)
  from space 1024K, 77% used [0x00000000d5900000,0x00000000d59c5a18,0x00000000d5a00000)
  to   space 1024K, 0% used [0x00000000d5800000,0x00000000d5800000,0x00000000d5900000)
 ParOldGen       total 311808K, used 311601K [0x0000000080000000, 0x0000000093080000, 0x00000000d5580000)
  object space 311808K, 99% used [0x0000000080000000,0x000000009304c410,0x0000000093080000)
 Metaspace       used 62385K, committed 63872K, reserved 1114112K
  class space    used 6555K, committed 7168K, reserved 1048576K
}

