# JRE version: OpenJDK Runtime Environment Temurin-21.0.8+9 (21.0.8+9) (build 21.0.8+9-LTS)
# Java VM: OpenJDK 64-Bit Server VM Temurin-21.0.8+9 (21.0.8+9-LTS, mixed mode, sharing, tiered, compressed oops, compressed class ptrs, parallel gc, windows-amd64)
GC Precious Log:
 CardTable entry size: 512
 CPUs: 8 total, 8 available
 Memory: 7930M
 Large Page Support: Disabled
 NUMA Support: Disabled
 Compressed Oops: Enabled (32-bit)
 Alignments: Space 512K, Generation 512K, Heap 2M
 Heap Min Capacity: 100M
 Heap Initial Capacity: 100M
 Heap Max Capacity: 2G
 Pre-touch: Disabled
 Parallel Workers: 8
Heap:
 PSYoungGen      total 5632K, used 4278K [0x00000000d5580000, 0x00000000d5c80000, 0x0000000100000000)
  eden space 4096K, 73% used [0x00000000d5580000,0x00000000d58712a0,0x00000000d5980000)
  from space 1536K, 82% used [0x00000000d5b00000,0x00000000d5c3c808,0x00000000d5c80000)
  to   space 1536K, 0% used [0x00000000d5980000,0x00000000d5980000,0x00000000d5b00000)
 ParOldGen       total 785920K, used 785682K [0x0000000080000000, 0x00000000aff80000, 0x00000000d5580000)
  object space 785920K, 99% used [0x0000000080000000,0x00000000aff44818,0x00000000aff80000)
 Metaspace       used 69046K, committed 70592K, reserved 1114112K
  class space    used 7175K, committed 7808K, reserved 1048576K
GC Heap History (20 events):
Event: 43.389 GC heap before
{Heap before GC invocations=1260 (full 3):
 PSYoungGen      total 2560K, used 2553K [0x00000000d5580000, 0x00000000d5980000, 0x0000000100000000)
  eden space 2048K, 100% used [0x00000000d5580000,0x00000000d5780000,0x00000000d5780000)
  from space 512K, 98% used [0x00000000d5900000,0x00000000d597e4e8,0x00000000d5980000)
  to   space 1024K, 0% used [0x00000000d5780000,0x00000000d5780000,0x00000000d5880000)
 ParOldGen       total 775168K, used 774841K [0x0000000080000000, 0x00000000af500000, 0x00000000d5580000)
  object space 775168K, 99% used [0x0000000080000000,0x00000000af4ae658,0x00000000af500000)
 Metaspace       used 69041K, committed 70592K, reserved 1114112K
  class space    used 7175K, committed 7808K, reserved 1048576K
}
Event: 43.390 GC heap after
{Heap after GC invocations=1260 (full 3):
 PSYoungGen      total 3072K, used 992K [0x00000000d5580000, 0x00000000d5b00000, 0x0000000100000000)
  eden space 2048K, 0% used [0x00000000d5580000,0x00000000d5580000,0x00000000d5780000)
  from space 1024K, 96% used [0x00000000d5780000,0x00000000d5878010,0x00000000d5880000)
  to   space 1536K, 0% used [0x00000000d5980000,0x00000000d5980000,0x00000000d5b00000)
 ParOldGen       total 775680K, used 775570K [0x0000000080000000, 0x00000000af580000, 0x00000000d5580000)
  object space 775680K, 99% used [0x0000000080000000,0x00000000af564b48,0x00000000af580000)
 Metaspace       used 69041K, committed 70592K, reserved 1114112K
  class space    used 7175K, committed 7808K, reserved 1048576K
}
Event: 43.430 GC heap before
{Heap before GC invocations=1261 (full 3):
 PSYoungGen      total 3072K, used 3040K [0x00000000d5580000, 0x00000000d5b00000, 0x0000000100000000)
  eden space 2048K, 100% used [0x00000000d5580000,0x00000000d5780000,0x00000000d5780000)
  from space 1024K, 96% used [0x00000000d5780000,0x00000000d5878010,0x00000000d5880000)
  to   space 1536K, 0% used [0x00000000d5980000,0x00000000d5980000,0x00000000d5b00000)
 ParOldGen       total 775680K, used 775570K [0x0000000080000000, 0x00000000af580000, 0x00000000d5580000)
  object space 775680K, 99% used [0x0000000080000000,0x00000000af564b48,0x00000000af580000)
 Metaspace       used 69046K, committed 70592K, reserved 1114112K
  class space    used 7175K, committed 7808K, reserved 1048576K
}
Event: 43.432 GC heap after
{Heap after GC invocations=1261 (full 3):
 PSYoungGen      total 3584K, used 800K [0x00000000d5580000, 0x00000000d5a80000, 0x0000000100000000)
  eden space 2560K, 0% used [0x00000000d5580000,0x00000000d5580000,0x00000000d5800000)
  from space 1024K, 78% used [0x00000000d5980000,0x00000000d5a48000,0x00000000d5a80000)
  to   space 1024K, 0% used [0x00000000d5880000,0x00000000d5880000,0x00000000d5980000)
 ParOldGen       total 776704K, used 776274K [0x0000000080000000, 0x00000000af680000, 0x00000000d5580000)
  object space 776704K, 99% used [0x0000000080000000,0x00000000af614b58,0x00000000af680000)
 Metaspace       used 69046K, committed 70592K, reserved 1114112K
  class space    used 7175K, committed 7808K, reserved 1048576K
}
Event: 43.436 GC heap before
{Heap before GC invocations=1262 (full 3):
 PSYoungGen      total 3584K, used 3360K [0x00000000d5580000, 0x00000000d5a80000, 0x0000000100000000)
  eden space 2560K, 100% used [0x00000000d5580000,0x00000000d5800000,0x00000000d5800000)
  from space 1024K, 78% used [0x00000000d5980000,0x00000000d5a48000,0x00000000d5a80000)
  to   space 1024K, 0% used [0x00000000d5880000,0x00000000d5880000,0x00000000d5980000)
 ParOldGen       total 776704K, used 776274K [0x0000000080000000, 0x00000000af680000, 0x00000000d5580000)
  object space 776704K, 99% used [0x0000000080000000,0x00000000af614b58,0x00000000af680000)
 Metaspace       used 69046K, committed 70592K, reserved 1114112K
  class space    used 7175K, committed 7808K, reserved 1048576K
}
Event: 43.438 GC heap after
{Heap after GC invocations=1262 (full 3):
 PSYoungGen      total 4096K, used 1015K [0x00000000d5580000, 0x00000000d5e80000, 0x0000000100000000)
  eden space 3072K, 0% used [0x00000000d5580000,0x00000000d5580000,0x00000000d5880000)
  from space 1024K, 99% used [0x00000000d5880000,0x00000000d597dd30,0x00000000d5980000)
  to   space 3072K, 0% used [0x00000000d5b80000,0x00000000d5b80000,0x00000000d5e80000)
 ParOldGen       total 777728K, used 777589K [0x0000000080000000, 0x00000000af780000, 0x00000000d5580000)
  object space 777728K, 99% used [0x0000000080000000,0x00000000af75d6d0,0x00000000af780000)
 Metaspace       used 69046K, committed 70592K, reserved 1114112K
  class space    used 7175K, committed 7808K, reserved 1048576K
}
Event: 43.445 GC heap before
{Heap before GC invocations=1263 (full 3):
 PSYoungGen      total 4096K, used 4087K [0x00000000d5580000, 0x00000000d5e80000, 0x0000000100000000)
  eden space 3072K, 100% used [0x00000000d5580000,0x00000000d5880000,0x00000000d5880000)
  from space 1024K, 99% used [0x00000000d5880000,0x00000000d597dd30,0x00000000d5980000)
  to   space 3072K, 0% used [0x00000000d5b80000,0x00000000d5b80000,0x00000000d5e80000)
 ParOldGen       total 777728K, used 777589K [0x0000000080000000, 0x00000000af780000, 0x00000000d5580000)
  object space 777728K, 99% used [0x0000000080000000,0x00000000af75d6d0,0x00000000af780000)
 Metaspace       used 69046K, committed 70592K, reserved 1114112K
  class space    used 7175K, committed 7808K, reserved 1048576K
}
Event: 43.448 GC heap after
{Heap after GC invocations=1263 (full 3):
 PSYoungGen      total 6144K, used 2482K [0x00000000d5580000, 0x00000000d5f80000, 0x0000000100000000)
  eden space 3072K, 0% used [0x00000000d5580000,0x00000000d5580000,0x00000000d5880000)
  from space 3072K, 80% used [0x00000000d5b80000,0x00000000d5dec8c0,0x00000000d5e80000)
  to   space 3072K, 0% used [0x00000000d5880000,0x00000000d5880000,0x00000000d5b80000)
 ParOldGen       total 778752K, used 778611K [0x0000000080000000, 0x00000000af880000, 0x00000000d5580000)
  object space 778752K, 99% used [0x0000000080000000,0x00000000af85cd80,0x00000000af880000)
 Metaspace       used 69046K, committed 70592K, reserved 1114112K
  class space    used 7175K, committed 7808K, reserved 1048576K
}
Event: 43.560 GC heap before
{Heap before GC invocations=1264 (full 3):
 PSYoungGen      total 6144K, used 5553K [0x00000000d5580000, 0x00000000d5f80000, 0x0000000100000000)
  eden space 3072K, 99% used [0x00000000d5580000,0x00000000d587ff38,0x00000000d5880000)
  from space 3072K, 80% used [0x00000000d5b80000,0x00000000d5dec8c0,0x00000000d5e80000)
  to   space 3072K, 0% used [0x00000000d5880000,0x00000000d5880000,0x00000000d5b80000)
 ParOldGen       total 778752K, used 778611K [0x0000000080000000, 0x00000000af880000, 0x00000000d5580000)
  object space 778752K, 99% used [0x0000000080000000,0x00000000af85cd80,0x00000000af880000)
 Metaspace       used 69046K, committed 70592K, reserved 1114112K
  class space    used 7175K, committed 7808K, reserved 1048576K
}
Event: 43.562 GC heap after
{Heap after GC invocations=1264 (full 3):
 PSYoungGen      total 6144K, used 1795K [0x00000000d5580000, 0x00000000d5e80000, 0x0000000100000000)
  eden space 3072K, 0% used [0x00000000d5580000,0x00000000d5580000,0x00000000d5880000)
  from space 3072K, 58% used [0x00000000d5880000,0x00000000d5a40c10,0x00000000d5b80000)
  to   space 2560K, 0% used [0x00000000d5c00000,0x00000000d5c00000,0x00000000d5e80000)
 ParOldGen       total 780800K, used 780646K [0x0000000080000000, 0x00000000afa80000, 0x00000000d5580000)
  object space 780800K, 99% used [0x0000000080000000,0x00000000afa59aa8,0x00000000afa80000)
 Metaspace       used 69046K, committed 70592K, reserved 1114112K
  class space    used 7175K, committed 7808K, reserved 1048576K
}
Event: 43.725 GC heap before
{Heap before GC invocations=1265 (full 3):
 PSYoungGen      total 6144K, used 4867K [0x00000000d5580000, 0x00000000d5e80000, 0x0000000100000000)
  eden space 3072K, 100% used [0x00000000d5580000,0x00000000d5880000,0x00000000d5880000)
  from space 3072K, 58% used [0x00000000d5880000,0x00000000d5a40c10,0x00000000d5b80000)
  to   space 2560K, 0% used [0x00000000d5c00000,0x00000000d5c00000,0x00000000d5e80000)
 ParOldGen       total 780800K, used 780646K [0x0000000080000000, 0x00000000afa80000, 0x00000000d5580000)
  object space 780800K, 99% used [0x0000000080000000,0x00000000afa59aa8,0x00000000afa80000)
 Metaspace       used 69046K, committed 70592K, reserved 1114112K
  class space    used 7175K, committed 7808K, reserved 1048576K
}
Event: 43.728 GC heap after
{Heap after GC invocations=1265 (full 3):
 PSYoungGen      total 4608K, used 1288K [0x00000000d5580000, 0x00000000d5d80000, 0x0000000100000000)
  eden space 3072K, 0% used [0x00000000d5580000,0x00000000d5580000,0x00000000d5880000)
  from space 1536K, 83% used [0x00000000d5c00000,0x00000000d5d421b0,0x00000000d5d80000)
  to   space 1536K, 0% used [0x00000000d5a80000,0x00000000d5a80000,0x00000000d5c00000)
 ParOldGen       total 781824K, used 781678K [0x0000000080000000, 0x00000000afb80000, 0x00000000d5580000)
  object space 781824K, 99% used [0x0000000080000000,0x00000000afb5b948,0x00000000afb80000)
 Metaspace       used 69046K, committed 70592K, reserved 1114112K
  class space    used 7175K, committed 7808K, reserved 1048576K
}
Event: 43.907 GC heap before
{Heap before GC invocations=1266 (full 3):
 PSYoungGen      total 4608K, used 4360K [0x00000000d5580000, 0x00000000d5d80000, 0x0000000100000000)
  eden space 3072K, 100% used [0x00000000d5580000,0x00000000d5880000,0x00000000d5880000)
  from space 1536K, 83% used [0x00000000d5c00000,0x00000000d5d421b0,0x00000000d5d80000)
  to   space 1536K, 0% used [0x00000000d5a80000,0x00000000d5a80000,0x00000000d5c00000)
 ParOldGen       total 781824K, used 781678K [0x0000000080000000, 0x00000000afb80000, 0x00000000d5580000)
  object space 781824K, 99% used [0x0000000080000000,0x00000000afb5b948,0x00000000afb80000)
 Metaspace       used 69046K, committed 70592K, reserved 1114112K
  class space    used 7175K, committed 7808K, reserved 1048576K
}
Event: 43.910 GC heap after
{Heap after GC invocations=1266 (full 3):
 PSYoungGen      total 4608K, used 1170K [0x00000000d5580000, 0x00000000d5c80000, 0x0000000100000000)
  eden space 3072K, 0% used [0x00000000d5580000,0x00000000d5580000,0x00000000d5880000)
  from space 1536K, 76% used [0x00000000d5a80000,0x00000000d5ba4808,0x00000000d5c00000)
  to   space 512K, 0% used [0x00000000d5c00000,0x00000000d5c00000,0x00000000d5c80000)
 ParOldGen       total 782848K, used 782770K [0x0000000080000000, 0x00000000afc80000, 0x00000000d5580000)
  object space 782848K, 99% used [0x0000000080000000,0x00000000afc6cbf0,0x00000000afc80000)
 Metaspace       used 69046K, committed 70592K, reserved 1114112K
  class space    used 7175K, committed 7808K, reserved 1048576K
}
Event: 44.105 GC heap before
{Heap before GC invocations=1267 (full 3):
 PSYoungGen      total 4608K, used 4242K [0x00000000d5580000, 0x00000000d5c80000, 0x0000000100000000)
  eden space 3072K, 100% used [0x00000000d5580000,0x00000000d5880000,0x00000000d5880000)
  from space 1536K, 76% used [0x00000000d5a80000,0x00000000d5ba4808,0x00000000d5c00000)
  to   space 512K, 0% used [0x00000000d5c00000,0x00000000d5c00000,0x00000000d5c80000)
 ParOldGen       total 782848K, used 782770K [0x0000000080000000, 0x00000000afc80000, 0x00000000d5580000)
  object space 782848K, 99% used [0x0000000080000000,0x00000000afc6cbf0,0x00000000afc80000)
 Metaspace       used 69046K, committed 70592K, reserved 1114112K
  class space    used 7175K, committed 7808K, reserved 1048576K
}
Event: 44.107 GC heap after
{Heap after GC invocations=1267 (full 3):
 PSYoungGen      total 3584K, used 512K [0x00000000d5580000, 0x00000000d5c80000, 0x0000000100000000)
  eden space 3072K, 0% used [0x00000000d5580000,0x00000000d5580000,0x00000000d5880000)
  from space 512K, 100% used [0x00000000d5c00000,0x00000000d5c80000,0x00000000d5c80000)
  to   space 2048K, 0% used [0x00000000d5880000,0x00000000d5880000,0x00000000d5a80000)
 ParOldGen       total 784384K, used 784122K [0x0000000080000000, 0x00000000afe00000, 0x00000000d5580000)
  object space 784384K, 99% used [0x0000000080000000,0x00000000afdbeb90,0x00000000afe00000)
 Metaspace       used 69046K, committed 70592K, reserved 1114112K
  class space    used 7175K, committed 7808K, reserved 1048576K
}
Event: 44.207 GC heap before
{Heap before GC invocations=1268 (full 3):
 PSYoungGen      total 3584K, used 3584K [0x00000000d5580000, 0x00000000d5c80000, 0x0000000100000000)
  eden space 3072K, 100% used [0x00000000d5580000,0x00000000d5880000,0x00000000d5880000)
  from space 512K, 100% used [0x00000000d5c00000,0x00000000d5c80000,0x00000000d5c80000)
  to   space 2048K, 0% used [0x00000000d5880000,0x00000000d5880000,0x00000000d5a80000)
 ParOldGen       total 784384K, used 784122K [0x0000000080000000, 0x00000000afe00000, 0x00000000d5580000)
  object space 784384K, 99% used [0x0000000080000000,0x00000000afdbeb90,0x00000000afe00000)
 Metaspace       used 69046K, committed 70592K, reserved 1114112K
  class space    used 7175K, committed 7808K, reserved 1048576K
}
Event: 44.209 GC heap after
{Heap after GC invocations=1268 (full 3):
 PSYoungGen      total 5120K, used 1152K [0x00000000d5580000, 0x00000000d5c80000, 0x0000000100000000)
  eden space 3072K, 0% used [0x00000000d5580000,0x00000000d5580000,0x00000000d5880000)
  from space 2048K, 56% used [0x00000000d5880000,0x00000000d59a0000,0x00000000d5a80000)
  to   space 1536K, 0% used [0x00000000d5b00000,0x00000000d5b00000,0x00000000d5c80000)
 ParOldGen       total 784896K, used 784634K [0x0000000080000000, 0x00000000afe80000, 0x00000000d5580000)
  object space 784896K, 99% used [0x0000000080000000,0x00000000afe3eb90,0x00000000afe80000)
 Metaspace       used 69046K, committed 70592K, reserved 1114112K
  class space    used 7175K, committed 7808K, reserved 1048576K
}
Event: 44.251 GC heap before
{Heap before GC invocations=1269 (full 3):
 PSYoungGen      total 5120K, used 4224K [0x00000000d5580000, 0x00000000d5c80000, 0x0000000100000000)
  eden space 3072K, 100% used [0x00000000d5580000,0x00000000d5880000,0x00000000d5880000)
  from space 2048K, 56% used [0x00000000d5880000,0x00000000d59a0000,0x00000000d5a80000)
  to   space 1536K, 0% used [0x00000000d5b00000,0x00000000d5b00000,0x00000000d5c80000)
 ParOldGen       total 784896K, used 784634K [0x0000000080000000, 0x00000000afe80000, 0x00000000d5580000)
  object space 784896K, 99% used [0x0000000080000000,0x00000000afe3eb90,0x00000000afe80000)
 Metaspace       used 69046K, committed 70592K, reserved 1114112K
  class space    used 7175K, committed 7808K, reserved 1048576K
}
Event: 45.256 GC heap after
{Heap after GC invocations=1269 (full 3):
 PSYoungGen      total 5632K, used 1266K [0x00000000d5580000, 0x00000000d5c80000, 0x0000000100000000)
  eden space 4096K, 0% used [0x00000000d5580000,0x00000000d5580000,0x00000000d5980000)
  from space 1536K, 82% used [0x00000000d5b00000,0x00000000d5c3c808,0x00000000d5c80000)
  to   space 1536K, 0% used [0x00000000d5980000,0x00000000d5980000,0x00000000d5b00000)
 ParOldGen       total 785920K, used 785682K [0x0000000080000000, 0x00000000aff80000, 0x00000000d5580000)
  object space 785920K, 99% used [0x0000000080000000,0x00000000aff44818,0x00000000aff80000)
 Metaspace       used 69046K, committed 70592K, reserved 1114112K
  class space    used 7175K, committed 7808K, reserved 1048576K
}

